#
# A fatal error has been detected by the Java Runtime Environment:
#
#  Internal Error (jvmciRuntime.cpp:1609), pid=37, tid=53
#  fatal error: Fatal exception in JVMCI: Error calling jdk.vm.ci.services.Services.serializeSavedProperties
#
# JRE version: OpenJDK Runtime Environment GraalVM CE 22.3.0 (17.0.5+8) (build 17.0.5+8-jvmci-22.3-b08)
# Java VM: OpenJDK 64-Bit Server VM GraalVM CE 22.3.0 (17.0.5+8-jvmci-22.3-b08, mixed mode, sharing, tiered, jvmci, jvmci compiler, compressed oops, compressed class ptrs, parallel gc, linux-amd64)
# Problematic frame:
# V  [libjvm.so+0x972714]  JVMCIRuntime::fatal_exception(JVMCIEnv*, char const*)+0x74
#
# Core dump will be written. Default location: Core dumps may be processed with "/usr/share/apport/apport -p%p -s%s -c%c -d%d -P%P -u%u -g%g -- %E" (or dumping to /home/runner/Gim/core.37)
#
# If you would like to submit a bug report, please visit:
#   https://github.com/oracle/graal/issues
#

---------------  S U M M A R Y ------------

Command Line: -XX:ThreadPriorityPolicy=1 -XX:+UnlockExperimentalVMOptions -XX:+EnableJVMCIProduct -XX:JVMCIThreadsPerNativeLibraryRuntime=1 -XX:-UnlockExperimentalVMOptions -Declipse.application=org.eclipse.jdt.ls.core.id1 -Dosgi.bundles.defaultStartLevel=4 -Declipse.product=org.eclipse.jdt.ls.core.product -Dlog.level=ALL -Xverify:none -XX:+UseParallelGC -XX:GCTimeRatio=4 -XX:AdaptiveSizePolicyWeight=90 -Dsun.zip.disableMemoryMapping=true -Xmx512m -Xms100m /nix/store/m6gcpi1ii6rghy04cjwjddcavv7i90df-jdt-language-server-1.9.0/share/java/plugins/org.eclipse.equinox.launcher_1.6.400.v20210924-0641.jar --add-modules=ALL-SYSTEM --add-opens java.base/java.util=ALL-UNNAMED --add-opens java.base/java.lang=ALL-UNNAMED -configuration /home/runner/.cache/jdt-language-server/config -data /home/runner/.cache/jdt-language-server/data/home/runner/Gim

Host: AMD EPYC 7B12, 8 cores, 1G, Ubuntu 20.04.2 LTS
Time: Wed Jul 19 05:25:06 2023 UTC elapsed time: 1322.504441 seconds (0d 0h 22m 2s)

---------------  T H R E A D  ---------------

Current thread (0x00007f66440b21b0):  JavaThread "JVMCI-native CompilerThread0" daemon [_thread_in_vm, id=53, stack(0x00007f6648918000,0x00007f6648b18000)]


Current CompileTask:
JVMCI-native:1322507 9666   !   4       org.eclipse.osgi.internal.loader.BundleLoader::getImportedSources (114 bytes)

Stack: [0x00007f6648918000,0x00007f6648b18000],  sp=0x00007f6648b16380,  free space=2040k
Native frames: (J=compiled Java code, j=interpreted, Vv=VM code, C=native code)
V  [libjvm.so+0x972714]  JVMCIRuntime::fatal_exception(JVMCIEnv*, char const*)+0x74
V  [libjvm.so+0x93e2fe]  JVMCIEnv::copy_saved_properties()+0x14e
V  [libjvm.so+0x9732a9]  JVMCIRuntime::initialize(JVMCIEnv*)+0xb19
V  [libjvm.so+0x9738a2]  JVMCIRuntime::get_HotSpotJVMCIRuntime(JVMCIEnv*)+0x12
V  [libjvm.so+0x9749f2]  JVMCIRuntime::compile_method(JVMCIEnv*, JVMCICompiler*, methodHandle const&, int)+0xd2
V  [libjvm.so+0x5b0d20]  CompileBroker::invoke_compiler_on_method(CompileTask*)+0x1470
V  [libjvm.so+0x5b12e8]  CompileBroker::compiler_thread_loop()+0x528
V  [libjvm.so+0xd82460]  JavaThread::thread_main_inner()+0xd0
V  [libjvm.so+0xd85a40]  Thread::call_run()+0xc0
V  [libjvm.so+0xbdb1e1]  thread_native_entry(Thread*)+0xe1

Register to memory mapping:

RAX=0x00007f664ba72000 points into unknown readable memory: 0x0000000000000058 | 58 00 00 00 00 00 00 00
RBX=0x00007f664cb6d398: <offset 0x0000000000ef5398> in /nix/store/gpxl5qgg8kicmcvivwmybwjlpf7wh20l-graalvm17-ce-22.3.0/lib/server/libjvm.so at 0x00007f664bc78000
RCX=0x00007f664cb251e8: <offset 0x0000000000ead1e8> in /nix/store/gpxl5qgg8kicmcvivwmybwjlpf7wh20l-graalvm17-ce-22.3.0/lib/server/libjvm.so at 0x00007f664bc78000
RDX=0x0000000000000649 is an unknown value
RSP=0x00007f6648b16380 is pointing into the stack for thread: 0x00007f66440b21b0
RBP=0x00007f6648b163a0 is pointing into the stack for thread: 0x00007f66440b21b0
RSI=0x00007f664cb6dc48: <offset 0x0000000000ef5c48> in /nix/store/gpxl5qgg8kicmcvivwmybwjlpf7wh20l-graalvm17-ce-22.3.0/lib/server/libjvm.so at 0x00007f664bc78000
RDI=0x00000000e0000000 is an oop: java.lang.String 
{0x00000000e0000000} - klass: 'java/lang/String'
 - string: "resolution"
R8 =0x00007f664cb6d398: <offset 0x0000000000ef5398> in /nix/store/gpxl5qgg8kicmcvivwmybwjlpf7wh20l-graalvm17-ce-22.3.0/lib/server/libjvm.so at 0x00007f664bc78000
R9 =0x00007f6648b16330 is pointing into the stack for thread: 0x00007f66440b21b0
R10=0x00007f6648b17948 is pointing into the stack for thread: 0x00007f66440b21b0
R11=0x0000000000000293 is an unknown value
R12=0x0 is NULL
R13=0x00007f66440b21b0 is a thread
R14=0x00007f6644000b80 points into unknown readable memory: 0x00007f664cd9ea38 | 38 ea d9 4c 66 7f 00 00
R15=0x00007f664ceace40: <offset 0x0000000001234e40> in /nix/store/gpxl5qgg8kicmcvivwmybwjlpf7wh20l-graalvm17-ce-22.3.0/lib/server/libjvm.so at 0x00007f664bc78000


Registers:
RAX=0x00007f664ba72000, RBX=0x00007f664cb6d398, RCX=0x00007f664cb251e8, RDX=0x0000000000000649
RSP=0x00007f6648b16380, RBP=0x00007f6648b163a0, RSI=0x00007f664cb6dc48, RDI=0x00000000e0000000
R8 =0x00007f664cb6d398, R9 =0x00007f6648b16330, R10=0x00007f6648b17948, R11=0x0000000000000293
R12=0x0000000000000000, R13=0x00007f66440b21b0, R14=0x00007f6644000b80, R15=0x00007f664ceace40
RIP=0x00007f664c5ea714, EFLAGS=0x0000000000010206, CSGSFS=0x002b000000000033, ERR=0x0000000000000006
  TRAPNO=0x000000000000000e

Top of Stack: (sp=0x00007f6648b16380)
0x00007f6648b16380:   00007f6648b16940 00007f66440b21b0
0x00007f6648b16390:   00007f664a4038c8 0000000800c417a0
0x00007f6648b163a0:   00007f6648b16500 00007f664c5b62fe
0x00007f6648b163b0:   00007f6648b163e0 00007f6648b16440 

Instructions: (pc=0x00007f664c5ea714)
0x00007f664c5ea614:   30 e8 f6 cf e8 ff 4c 89 e7 e8 2e 48 d1 ff 84 db
0x00007f664c5ea624:   75 2a 4d 85 ed 74 04 4d 8b 6d 00 48 83 c4 08 44
0x00007f664c5ea634:   89 f9 4c 89 f2 4c 89 ee 5b 4c 89 e7 41 5c 41 5d
0x00007f664c5ea644:   41 5e 41 5f 5d e9 e2 47 d1 ff 66 90 48 83 c4 08
0x00007f664c5ea654:   5b 41 5c 41 5d 41 5e 41 5f 5d c3 90 31 d2 be 08
0x00007f664c5ea664:   00 00 00 4c 89 ff e8 b1 78 a3 ff 49 89 c5 e9 37
0x00007f664c5ea674:   ff ff ff 66 0f 1f 84 00 00 00 00 00 48 8b 7a 08
0x00007f664c5ea684:   e9 6d ff ff ff 0f 1f 80 00 00 00 00 e8 5b 48 0a
0x00007f664c5ea694:   00 84 c0 75 89 e9 6a ff ff ff 66 90 55 48 89 e5
0x00007f664c5ea6a4:   41 56 41 55 41 54 49 89 fc 53 48 89 f3 66 48 8d
0x00007f664c5ea6b4:   3d 27 5e 85 00 66 66 48 e8 df 43 8d ff 4c 8b 28
0x00007f664c5ea6c4:   8b 05 be 72 8a 00 85 c0 75 14 ba 01 00 00 00 48
0x00007f664c5ea6d4:   8d 0d ae 72 8a 00 f0 0f b1 11 85 c0 74 4e be c8
0x00007f664c5ea6e4:   00 00 00 4c 89 ef e8 01 0b 41 00 48 8d 05 12 ac
0x00007f664c5ea6f4:   85 00 49 89 d8 48 8d 0d e8 aa 53 00 ba 49 06 00
0x00007f664c5ea704:   00 48 8d 35 3c 35 58 00 bf 00 00 00 e0 48 8b 00
0x00007f664c5ea714:   c6 00 58 31 c0 e8 e2 91 c6 ff 5b 41 5c 41 5d 41
0x00007f664c5ea724:   5e 5d e9 55 34 26 00 0f 1f 44 00 00 48 8d 05 81
0x00007f664c5ea734:   a3 8b 00 48 89 df 4c 8b 30 e8 9e 43 8d ff 48 89
0x00007f664c5ea744:   de 48 89 c2 49 8b 06 4c 89 f7 ff 50 08 4c 89 f7
0x00007f664c5ea754:   e8 a7 5c 27 00 4d 85 e4 74 12 be 01 00 00 00 4c
0x00007f664c5ea764:   89 e7 e8 35 43 fc ff eb 82 0f 1f 00 be 01 00 00
0x00007f664c5ea774:   00 4c 89 ef e8 d3 fd ff ff e9 6d ff ff ff 66 66
0x00007f664c5ea784:   2e 0f 1f 84 00 00 00 00 00 0f 1f 00 55 48 89 e5
0x00007f664c5ea794:   41 57 41 56 41 55 41 54 53 48 81 ec 08 02 00 00
0x00007f664c5ea7a4:   64 48 8b 04 25 28 00 00 00 48 89 45 c8 8b 07 83
0x00007f664c5ea7b4:   f8 02 0f 84 11 04 00 00 4c 8b 6f 18 49 89 ff 49
0x00007f664c5ea7c4:   89 f4 4d 85 ed 74 14 4c 89 ef e8 5d 57 22 00 41
0x00007f664c5ea7d4:   8b 07 83 f8 02 0f 84 19 04 00 00 48 8d 1d 9a 06
0x00007f664c5ea7e4:   8a 00 4c 8d 35 0b 3c 58 00 eb 38 90 48 85 d2 7f
0x00007f664c5ea7f4:   0d 48 8d 05 b4 c0 85 00 48 83 38 00 7e 0e 41 8b
0x00007f664c5ea804:   77 2c 4c 89 f7 31 c0 e8 a0 b2 f7 ff 49 8b 7f 18 


Stack slot to memory mapping:
stack at sp + 0 slots: 0x00007f6648b16940 is pointing into the stack for thread: 0x00007f66440b21b0
stack at sp + 1 slots: 0x00007f66440b21b0 is a thread
stack at sp + 2 slots: 0x00007f664a4038c8 points into unknown readable memory: 0x6573001880c9ffff | ff ff c9 80 18 00 73 65
stack at sp + 3 slots: 0x0000000800c417a0 is a pointer to class: 
jdk.vm.ci.services.Services {0x0000000800c417a0}
 - instance size:     2
 - klass size:        65
 - access:            public final synchronized 
 - state:             fully_initialized
 - name:              'jdk/vm/ci/services/Services'
 - super:             'java/lang/Object'
 - sub:               
 - arrays:            NULL
 - methods:           Array<T>(0x00007f6649441e18)
 - method ordering:   Array<T>(0x0000000800928960)
 - default_methods:   Array<T>(0x0000000000000000)
 - local interfaces:  Array<T>(0x00000008005ce810)
 - trans. interfaces: Array<T>(0x00000008005ce810)
 - constants:         constant pool [427] {0x00007f6649440ef8} for 'jdk/vm/ci/services/Services' cache=0x00007f66494430e8
 - class loader data:  loader data: 0x00007f66440283d0 of 'bootstrap'
 - source file:       'Services.java'
 - class annotations:       Array<T>(0x0000000000000000)
 - class type annotations:  Array<T>(0x0000000000000000)
 - field annotations:       Array<T>(0x0000000000000000)
 - field type annotations:  Array<T>(0x0000000000000000)
 - inner classes:     Array<T>(0x00007f66494430b8)
 - nest members:     Array<T>(0x00007f66494430d8)
 - permitted subclasses:     Array<T>(0x00000008005ce7a0)
 - java mirror:       a 'java/lang/Class'{0x00000000e0148860} = 'jdk/vm/ci/services/Services'
 - vtable length      5  (start addr: 0x0000000800c41970)
 - itable length      2 (start addr: 0x0000000800c41998)
 - ---- static fields (3 words):
 - public static final 'IS_BUILDING_NATIVE_IMAGE' 'Z' @128 
 - public static final 'IS_IN_NATIVE_IMAGE' 'Z' @129 
 - private static volatile 'savedProperties' 'Ljava/util/Map;' @112 
 - static final 'JVMCI_ENABLED' 'Z' @130 
 - private static final 'servicesCache' 'Ljava/util/Map;' @116 
 - private static final 'MAX_UNICODE_IN_UTF8_LENGTH' 'I' @120 
 - private static final 'MAX_UTF8_PROPERTY_STRING_LENGTH' 'I' @124 
 - ---- non-static fields (0 words):
 - non-static oop maps: 
stack at sp + 4 slots: 0x00007f6648b16500 is pointing into the stack for thread: 0x00007f66440b21b0
stack at sp + 5 slots: 0x00007f664c5b62fe: <offset 0x000000000093e2fe> in /nix/store/gpxl5qgg8kicmcvivwmybwjlpf7wh20l-graalvm17-ce-22.3.0/lib/server/libjvm.so at 0x00007f664bc78000
stack at sp + 6 slots: 0x00007f6648b163e0 is pointing into the stack for thread: 0x00007f66440b21b0
stack at sp + 7 slots: 0x00007f6648b16440 is pointing into the stack for thread: 0x00007f66440b21b0


---------------  P R O C E S S  ---------------

Threads class SMR info:
_java_thread_list=0x00007f65a4005d40, length=30, elements={
0x00007f6644026670, 0x00007f66440a64b0, 0x00007f66440a78f0, 0x00007f66440ae020,
0x00007f66440af3d0, 0x00007f66440b07c0, 0x00007f66440b21b0, 0x00007f66440b36c0,
0x00007f66440b4b10, 0x00007f66440d76a0, 0x00007f6644120140, 0x00007f664433c780,
0x00007f6644370070, 0x00007f6644372090, 0x00007f6644624cc0, 0x00007f65dc026ec0,
0x00007f65dc2b13e0, 0x00007f65dc314df0, 0x00007f65dc491340, 0x00007f65c4007280,
0x00007f65dc5ffd40, 0x00007f66443bd370, 0x00007f66443e4e90, 0x00007f65c0001130,
0x00007f65b0430060, 0x00007f65ac11a7d0, 0x00007f65ac119990, 0x00007f65ac04eae0,
0x00007f65ac04ffb0, 0x00007f65ac113b70
}

Java Threads: ( => current thread )
  0x00007f6644026670 JavaThread "main" [_thread_blocked, id=45, stack(0x00007f664ba93000,0x00007f664bb93000)]
  0x00007f66440a64b0 JavaThread "Reference Handler" daemon [_thread_blocked, id=48, stack(0x00007f66491fe000,0x00007f66492fe000)]
  0x00007f66440a78f0 JavaThread "Finalizer" daemon [_thread_blocked, id=49, stack(0x00007f66490fe000,0x00007f66491fe000)]
  0x00007f66440ae020 JavaThread "Signal Dispatcher" daemon [_thread_blocked, id=50, stack(0x00007f6648d18000,0x00007f6648e18000)]
  0x00007f66440af3d0 JavaThread "Service Thread" daemon [_thread_blocked, id=51, stack(0x00007f6648c18000,0x00007f6648d18000)]
  0x00007f66440b07c0 JavaThread "Monitor Deflation Thread" daemon [_thread_blocked, id=52, stack(0x00007f6648b18000,0x00007f6648c18000)]
=>0x00007f66440b21b0 JavaThread "JVMCI-native CompilerThread0" daemon [_thread_in_vm, id=53, stack(0x00007f6648918000,0x00007f6648b18000)]
  0x00007f66440b36c0 JavaThread "C1 CompilerThread0" daemon [_thread_blocked, id=54, stack(0x00007f6648718000,0x00007f6648918000)]
  0x00007f66440b4b10 JavaThread "Sweeper thread" daemon [_thread_blocked, id=55, stack(0x00007f6648618000,0x00007f6648718000)]
  0x00007f66440d76a0 JavaThread "Common-Cleaner" daemon [_thread_blocked, id=56, stack(0x00007f6648518000,0x00007f6648618000)]
  0x00007f6644120140 JavaThread "Notification Thread" daemon [_thread_blocked, id=58, stack(0x00007f6648418000,0x00007f6648518000)]
  0x00007f664433c780 JavaThread "Active Thread: Equinox Container: 6396d278-2ebd-468d-ae46-ed83d0d88c29" [_thread_blocked, id=82, stack(0x00007f6648100000,0x00007f6648200000)]
  0x00007f6644370070 JavaThread "Framework Event Dispatcher: Equinox Container: 6396d278-2ebd-468d-ae46-ed83d0d88c29" daemon [_thread_blocked, id=83, stack(0x00007f662b3b3000,0x00007f662b4b3000)]
  0x00007f6644372090 JavaThread "Start Level: Equinox Container: 6396d278-2ebd-468d-ae46-ed83d0d88c29" daemon [_thread_blocked, id=84, stack(0x00007f6628f00000,0x00007f6629000000)]
  0x00007f6644624cc0 JavaThread "Refresh Thread: Equinox Container: 6396d278-2ebd-468d-ae46-ed83d0d88c29" daemon [_thread_blocked, id=88, stack(0x00007f6628d00000,0x00007f6628e00000)]
  0x00007f65dc026ec0 JavaThread "SCR Component Actor" daemon [_thread_blocked, id=102, stack(0x00007f6628b00000,0x00007f6628c00000)]
  0x00007f65dc2b13e0 JavaThread "Worker-JM" [_thread_blocked, id=114, stack(0x00007f6628700000,0x00007f6628800000)]
  0x00007f65dc314df0 JavaThread "Worker-0" [_thread_blocked, id=122, stack(0x00007f6628500000,0x00007f6628600000)]
  0x00007f65dc491340 JavaThread "Java indexing" daemon [_thread_blocked, id=124, stack(0x00007f6628100000,0x00007f6628200000)]
  0x00007f65c4007280 JavaThread "Worker-2: Java indexing... " [_thread_blocked, id=125, stack(0x00007f6628000000,0x00007f6628100000)]
  0x00007f65dc5ffd40 JavaThread "Bundle File Closer" daemon [_thread_blocked, id=126, stack(0x00007f65f2d00000,0x00007f65f2e00000)]
  0x00007f66443bd370 JavaThread "pool-3-thread-1" [_thread_blocked, id=143, stack(0x00007f65f2b00000,0x00007f65f2c00000)]
  0x00007f66443e4e90 JavaThread "pool-2-thread-1" [_thread_blocked, id=144, stack(0x00007f65f2900000,0x00007f65f2a00000)]
  0x00007f65c0001130 JavaThread "Worker-3" [_thread_blocked, id=145, stack(0x00007f65f2700000,0x00007f65f2800000)]
  0x00007f65b0430060 JavaThread "Okio Watchdog" daemon [_thread_blocked, id=306, stack(0x00007f65f1f00000,0x00007f65f2000000)]
  0x00007f65ac11a7d0 JavaThread "Thread-5" [_thread_blocked, id=423, stack(0x00007f65f1900000,0x00007f65f1a00000)]
  0x00007f65ac119990 JavaThread "Thread-8" [_thread_blocked, id=4376, stack(0x00007f65f2300000,0x00007f65f2400000)]
  0x00007f65ac04eae0 JavaThread "Thread-10" [_thread_blocked, id=5255, stack(0x00007f6628800000,0x00007f6628900000)]
  0x00007f65ac04ffb0 JavaThread "Thread-12" [_thread_blocked, id=6605, stack(0x00007f65f2800000,0x00007f65f2900000)]
  0x00007f65ac113b70 JavaThread "Thread-13" [_thread_blocked, id=7111, stack(0x00007f6628900000,0x00007f6628a00000)]

Other Threads:
  0x00007f66440a1bf0 VMThread "VM Thread" [stack: 0x00007f6649300000,0x00007f6649400000] [id=47] _threads_hazard_ptr=0x00007f65a4005d40
  0x00007f6644121ae0 WatcherThread [stack: 0x00007f6648318000,0x00007f6648418000] [id=59]
  0x00007f664403df10 GCTaskThread "GC Thread#0" [stack: 0x00007f664b656000,0x00007f664b756000] [id=46]

Threads with active compile tasks:
JVMCI-native CompilerThread0  1322558 9666   !   4       org.eclipse.osgi.internal.loader.BundleLoader::getImportedSources (114 bytes)

VM state: synchronizing (normal execution)

VM Mutex/Monitor currently owned by a thread:  ([mutex/lock_event])
[0x00007f6644023820] Threads_lock - owner thread: 0x00007f66440a1bf0
[0x00007f6644023fd0] Heap_lock - owner thread: 0x00007f65dc491340

OutOfMemory and StackOverflow Exception counts:
OutOfMemoryError java_heap_errors=12
LinkageErrors=65

Heap address: 0x00000000e0000000, size: 512 MB, Compressed Oops mode: 32-bit

CDS archive(s) mapped at: [0x0000000800000000-0x0000000800bc8000-0x0000000800bc8000), size 12353536, SharedBaseAddress: 0x0000000800000000, ArchiveRelocationMode: 0.
Compressed class space mapped at: 0x0000000800c00000-0x0000000840c00000, reserved size: 1073741824
Narrow klass base: 0x0000000800000000, Narrow klass shift: 0, Narrow klass range: 0x100000000

GC Precious Log:
 CPUs: 8 total, 1 available
 Memory: 1024M
 Large Page Support: Disabled
 NUMA Support: Disabled
 Compressed Oops: Enabled (32-bit)
 Alignments: Space 512K, Generation 512K, Heap 2M
 Heap Min Capacity: 100M
 Heap Initial Capacity: 100M
 Heap Max Capacity: 512M
 Pre-touch: Disabled
 Parallel Workers: 1

Heap:
 PSYoungGen      total 23552K, used 17920K [0x00000000f5580000, 0x00000000f7300000, 0x0000000100000000)
  eden space 17920K, 100% used [0x00000000f5580000,0x00000000f6700000,0x00000000f6700000)
  from space 5632K, 0% used [0x00000000f6700000,0x00000000f6700000,0x00000000f6c80000)
  to   space 5632K, 0% used [0x00000000f6c80000,0x00000000f6c80000,0x00000000f7200000)
 ParOldGen       total 349696K, used 349695K [0x00000000e0000000, 0x00000000f5580000, 0x00000000f5580000)
  object space 349696K, 99% used [0x00000000e0000000,0x00000000f557fd38,0x00000000f5580000)
 Metaspace       used 60864K, committed 62016K, reserved 1105920K
  class space    used 5989K, committed 6400K, reserved 1048576K

Card table byte_map: [0x00007f664b756000,0x00007f664b857000] _byte_map_base: 0x00007f664b056000

Marking Bits: (ParMarkBitMap*) 0x00007f664cea64c0
 Begin Bits: [0x00007f664a5a9000, 0x00007f664ada9000)
 End Bits:   [0x00007f664ada9000, 0x00007f664b5a9000)

Polling page: 0x00007f664ba70000

Metaspace:

Usage:
  Non-class:     53.59 MB used.
      Class:      5.85 MB used.
       Both:     59.44 MB used.

Virtual space:
  Non-class space:       56.00 MB reserved,      54.31 MB ( 97%) committed,  7 nodes.
      Class space:        1.00 GB reserved,       6.25 MB ( <1%) committed,  1 nodes.
             Both:        1.05 GB reserved,      60.56 MB (  6%) committed. 

Chunk freelists:
   Non-Class:  1.17 MB
       Class:  1.85 MB
        Both:  3.02 MB

MaxMetaspaceSize: unlimited
CompressedClassSpaceSize: 1.00 GB
Initial GC threshold: 21.00 MB
Current GC threshold: 100.94 MB
CDS: on
MetaspaceReclaimPolicy: balanced
 - commit_granule_bytes: 65536.
 - commit_granule_words: 8192.
 - virtual_space_node_default_size: 1048576.
 - enlarge_chunks_in_place: 1.
 - new_chunks_are_fully_committed: 0.
 - uncommit_free_chunks: 1.
 - use_allocation_guard: 0.
 - handle_deallocations: 1.


Internal statistics:

num_allocs_failed_limit: 8.
num_arena_births: 510.
num_arena_deaths: 152.
num_vsnodes_births: 8.
num_vsnodes_deaths: 0.
num_space_committed: 968.
num_space_uncommitted: 0.
num_chunks_returned_to_freelist: 216.
num_chunks_taken_from_freelist: 2902.
num_chunk_merges: 89.
num_chunk_splits: 1905.
num_chunks_enlarged: 1188.
num_purges: 4.
num_inconsistent_stats: 0.

CodeHeap 'non-profiled nmethods': size=120036Kb used=2712Kb max_used=2712Kb free=117323Kb
 bounds [0x00007f6632f7a000, 0x00007f663322a000, 0x00007f663a4b3000]
CodeHeap 'profiled nmethods': size=120032Kb used=15621Kb max_used=16781Kb free=104410Kb
 bounds [0x00007f662ba42000, 0x00007f662cab2000, 0x00007f6632f7a000]
CodeHeap 'non-nmethods': size=5692Kb used=1408Kb max_used=1416Kb free=4284Kb
 bounds [0x00007f662b4b3000, 0x00007f662b723000, 0x00007f662ba42000]
 total_blobs=8089 nmethods=7341 adapters=632
 compilation: enabled
              stopped_count=0, restarted_count=0
 full_count=0

JVMCI Events (20 events):
Event: 1105.988 Thread 0x00007f66440b21b0 destroyed JavaVM[10]@0x00007f6599f9e340 for JVMCI runtime 0
Event: 1105.988 Thread 0x00007f66440b21b0 compacted oop handles in JVMCI runtime 0 from 109 to 109
Event: 1105.988 Thread 0x00007f66440b21b0 releasing handles for JVMCI runtime 0: oop handles=109, metadata handles={total=582, live=576, blocks=37}
Event: 1105.988 Thread 0x00007f66440b21b0 detached from JVMCI runtime 0
Event: 1148.526 Thread 0x00007f66440b21b0 attached to JVMCI runtime 0
Event: 1148.527 Thread 0x00007f66440b21b0 created JavaVM[11]@0x00007f6599f9e340 for JVMCI runtime 0
Event: 1148.527 Thread 0x00007f66440b21b0 initializing JVMCI runtime 0
Event: 1148.527 Thread 0x00007f66440b21b0 done waiting for JavaVM references initialization in JVMCI runtime 0
Event: 1186.388 Thread 0x00007f66440b21b0 initialized JVMCI runtime 0
Event: 1233.290 Thread 0x00007f66440b21b0 detaching from JVMCI runtime 0: releasing idle compiler thread (0 other threads still attached)
Event: 1233.290 Thread 0x00007f66440b21b0 shutting down HotSpotJVMCIRuntime for JVMCI runtime 0
Event: 1233.290 Thread 0x00007f66440b21b0 shut down JVMCI runtime 0
Event: 1234.421 Thread 0x00007f66440b21b0 destroyed JavaVM[11]@0x00007f6599f9e340 for JVMCI runtime 0
Event: 1234.421 Thread 0x00007f66440b21b0 compacted oop handles in JVMCI runtime 0 from 63 to 63
Event: 1234.421 Thread 0x00007f66440b21b0 releasing handles for JVMCI runtime 0: oop handles=63, metadata handles={total=99, live=99, blocks=37}
Event: 1234.421 Thread 0x00007f66440b21b0 detached from JVMCI runtime 0
Event: 1308.219 Thread 0x00007f66440b21b0 attached to JVMCI runtime 0
Event: 1308.220 Thread 0x00007f66440b21b0 created JavaVM[12]@0x00007f6599f9e340 for JVMCI runtime 0
Event: 1309.210 Thread 0x00007f66440b21b0 initializing JVMCI runtime 0
Event: 1309.210 Thread 0x00007f66440b21b0 done waiting for JavaVM references initialization in JVMCI runtime 0

Compilation events (20 events):
Event: 1205.920 Thread 0x00007f66440b21b0 nmethod 9653% 0x00007f663321ed10 code [0x00007f663321eea0, 0x00007f663321f148]
Event: 1205.920 Thread 0x00007f66440b21b0 9654       4       java.util.Collections$UnmodifiableMap$UnmodifiableEntrySet$1::next (5 bytes)
Event: 1207.906 Thread 0x00007f66440b36c0 9658       3       java.util.concurrent.locks.AbstractQueuedSynchronizer$ConditionObject::canReacquire (28 bytes)
Event: 1209.902 Thread 0x00007f66440b36c0 nmethod 9658 0x00007f662c3cb690 code [0x00007f662c3cb840, 0x00007f662c3cbb90]
Event: 1218.032 Thread 0x00007f66440b36c0 9660       3       java.util.concurrent.ScheduledThreadPoolExecutor$ScheduledFutureTask::getDelay (16 bytes)
Event: 1218.032 Thread 0x00007f66440b36c0 nmethod 9660 0x00007f662c396490 code [0x00007f662c396640, 0x00007f662c3967c0]
Event: 1230.036 Thread 0x00007f66440b21b0 nmethod 9654 0x00007f663321f410 code [0x00007f663321f5e0, 0x00007f663321f910]
Event: 1230.036 Thread 0x00007f66440b21b0 9659   !   4       java.util.zip.Inflater::setInput (69 bytes)
Event: 1232.225 Thread 0x00007f66440b21b0 nmethod 9659 0x00007f663321fc90 code [0x00007f663321fe20, 0x00007f6633220090]
Event: 1234.421 Thread 0x00007f66440b36c0 9661       3       java.util.concurrent.ScheduledThreadPoolExecutor::canRunInCurrentRunState (61 bytes)
Event: 1234.422 Thread 0x00007f66440b36c0 nmethod 9661 0x00007f662bfb0590 code [0x00007f662bfb07a0, 0x00007f662bfb1240]
Event: 1245.316 Thread 0x00007f66440b36c0 9662       3       java.util.concurrent.locks.AbstractQueuedSynchronizer::acquire (20 bytes)
Event: 1249.397 Thread 0x00007f66440b36c0 nmethod 9662 0x00007f662c43b790 code [0x00007f662c43b940, 0x00007f662c43bd10]
Event: 1254.807 Thread 0x00007f66440b36c0 9663       3       java.lang.invoke.MethodHandles$Lookup::resolveOrFail (44 bytes)
Event: 1255.989 Thread 0x00007f66440b36c0 nmethod 9663 0x00007f662be00c10 code [0x00007f662be00ec0, 0x00007f662be01b80]
Event: 1255.989 Thread 0x00007f66440b36c0 9665   !   3       java.lang.invoke.MethodHandles$Lookup::canBeCached (150 bytes)
Event: 1255.998 Thread 0x00007f66440b36c0 nmethod 9665 0x00007f662c95c490 code [0x00007f662c95c8e0, 0x00007f662c95f1e0]
Event: 1255.998 Thread 0x00007f66440b36c0 9664       3       java.lang.invoke.MethodHandles$Lookup::getDirectMethodForConstant (72 bytes)
Event: 1272.515 Thread 0x00007f66440b36c0 nmethod 9664 0x00007f662bc90d10 code [0x00007f662bc91060, 0x00007f662bc92320]
Event: 1308.219 Thread 0x00007f66440b21b0 9666   !   4       org.eclipse.osgi.internal.loader.BundleLoader::getImportedSources (114 bytes)

GC Heap History (20 events):
Event: 1311.217 GC heap before
{Heap before GC invocations=1253 (full 1099):
 PSYoungGen      total 23552K, used 17920K [0x00000000f5580000, 0x00000000f7300000, 0x0000000100000000)
  eden space 17920K, 100% used [0x00000000f5580000,0x00000000f6700000,0x00000000f6700000)
  from space 5632K, 0% used [0x00000000f6700000,0x00000000f6700000,0x00000000f6c80000)
  to   space 5632K, 0% used [0x00000000f6c80000,0x00000000f6c80000,0x00000000f7200000)
 ParOldGen       total 349696K, used 349696K [0x00000000e0000000, 0x00000000f5580000, 0x00000000f5580000)
  object space 349696K, 100% used [0x00000000e0000000,0x00000000f5580000,0x00000000f5580000)
 Metaspace       used 60863K, committed 62016K, reserved 1105920K
  class space    used 5989K, committed 6400K, reserved 1048576K
}
Event: 1312.132 GC heap after
{Heap after GC invocations=1253 (full 1099):
 PSYoungGen      total 23552K, used 17920K [0x00000000f5580000, 0x00000000f7300000, 0x0000000100000000)
  eden space 17920K, 100% used [0x00000000f5580000,0x00000000f6700000,0x00000000f6700000)
  from space 5632K, 0% used [0x00000000f6c80000,0x00000000f6c80000,0x00000000f7200000)
  to   space 5632K, 0% used [0x00000000f6700000,0x00000000f6700000,0x00000000f6c80000)
 ParOldGen       total 349696K, used 349696K [0x00000000e0000000, 0x00000000f5580000, 0x00000000f5580000)
  object space 349696K, 100% used [0x00000000e0000000,0x00000000f5580000,0x00000000f5580000)
 Metaspace       used 60863K, committed 62016K, reserved 1105920K
  class space    used 5989K, committed 6400K, reserved 1048576K
}
Event: 1312.133 GC heap before
{Heap before GC invocations=1254 (full 1100):
 PSYoungGen      total 23552K, used 17920K [0x00000000f5580000, 0x00000000f7300000, 0x0000000100000000)
  eden space 17920K, 100% used [0x00000000f5580000,0x00000000f6700000,0x00000000f6700000)
  from space 5632K, 0% used [0x00000000f6c80000,0x00000000f6c80000,0x00000000f7200000)
  to   space 5632K, 0% used [0x00000000f6700000,0x00000000f6700000,0x00000000f6c80000)
 ParOldGen       total 349696K, used 349696K [0x00000000e0000000, 0x00000000f5580000, 0x00000000f5580000)
  object space 349696K, 100% used [0x00000000e0000000,0x00000000f5580000,0x00000000f5580000)
 Metaspace       used 60863K, committed 62016K, reserved 1105920K
  class space    used 5989K, committed 6400K, reserved 1048576K
}
Event: 1313.211 GC heap after
{Heap after GC invocations=1254 (full 1100):
 PSYoungGen      total 23552K, used 17920K [0x00000000f5580000, 0x00000000f7300000, 0x0000000100000000)
  eden space 17920K, 100% used [0x00000000f5580000,0x00000000f6700000,0x00000000f6700000)
  from space 5632K, 0% used [0x00000000f6700000,0x00000000f6700000,0x00000000f6c80000)
  to   space 5632K, 0% used [0x00000000f6c80000,0x00000000f6c80000,0x00000000f7200000)
 ParOldGen       total 349696K, used 349696K [0x00000000e0000000, 0x00000000f5580000, 0x00000000f5580000)
  object space 349696K, 100% used [0x00000000e0000000,0x00000000f5580000,0x00000000f5580000)
 Metaspace       used 60863K, committed 62016K, reserved 1105920K
  class space    used 5989K, committed 6400K, reserved 1048576K
}
Event: 1313.211 GC heap before
{Heap before GC invocations=1255 (full 1101):
 PSYoungGen      total 23552K, used 17920K [0x00000000f5580000, 0x00000000f7300000, 0x0000000100000000)
  eden space 17920K, 100% used [0x00000000f5580000,0x00000000f6700000,0x00000000f6700000)
  from space 5632K, 0% used [0x00000000f6700000,0x00000000f6700000,0x00000000f6c80000)
  to   space 5632K, 0% used [0x00000000f6c80000,0x00000000f6c80000,0x00000000f7200000)
 ParOldGen       total 349696K, used 349696K [0x00000000e0000000, 0x00000000f5580000, 0x00000000f5580000)
  object space 349696K, 100% used [0x00000000e0000000,0x00000000f5580000,0x00000000f5580000)
 Metaspace       used 60863K, committed 62016K, reserved 1105920K
  class space    used 5989K, committed 6400K, reserved 1048576K
}
Event: 1314.129 GC heap after
{Heap after GC invocations=1255 (full 1101):
 PSYoungGen      total 23552K, used 17919K [0x00000000f5580000, 0x00000000f7300000, 0x0000000100000000)
  eden space 17920K, 99% used [0x00000000f5580000,0x00000000f66ffe98,0x00000000f6700000)
  from space 5632K, 0% used [0x00000000f6c80000,0x00000000f6c80000,0x00000000f7200000)
  to   space 5632K, 0% used [0x00000000f6700000,0x00000000f6700000,0x00000000f6c80000)
 ParOldGen       total 349696K, used 349691K [0x00000000e0000000, 0x00000000f5580000, 0x00000000f5580000)
  object space 349696K, 99% used [0x00000000e0000000,0x00000000f557ed28,0x00000000f5580000)
 Metaspace       used 60863K, committed 62016K, reserved 1105920K
  class space    used 5989K, committed 6400K, reserved 1048576K
}
Event: 1314.130 GC heap before
{Heap before GC invocations=1256 (full 1102):
 PSYoungGen      total 23552K, used 17920K [0x00000000f5580000, 0x00000000f7300000, 0x0000000100000000)
  eden space 17920K, 100% used [0x00000000f5580000,0x00000000f6700000,0x00000000f6700000)
  from space 5632K, 0% used [0x00000000f6c80000,0x00000000f6c80000,0x00000000f7200000)
  to   space 5632K, 0% used [0x00000000f6700000,0x00000000f6700000,0x00000000f6c80000)
 ParOldGen       total 349696K, used 349691K [0x00000000e0000000, 0x00000000f5580000, 0x00000000f5580000)
  object space 349696K, 99% used [0x00000000e0000000,0x00000000f557ed28,0x00000000f5580000)
 Metaspace       used 60863K, committed 62016K, reserved 1105920K
  class space    used 5989K, committed 6400K, reserved 1048576K
}
Event: 1315.331 GC heap after
{Heap after GC invocations=1256 (full 1102):
 PSYoungGen      total 23552K, used 17920K [0x00000000f5580000, 0x00000000f7300000, 0x0000000100000000)
  eden space 17920K, 100% used [0x00000000f5580000,0x00000000f6700000,0x00000000f6700000)
  from space 5632K, 0% used [0x00000000f6700000,0x00000000f6700000,0x00000000f6c80000)
  to   space 5632K, 0% used [0x00000000f6c80000,0x00000000f6c80000,0x00000000f7200000)
 ParOldGen       total 349696K, used 349691K [0x00000000e0000000, 0x00000000f5580000, 0x00000000f5580000)
  object space 349696K, 99% used [0x00000000e0000000,0x00000000f557ed28,0x00000000f5580000)
 Metaspace       used 60863K, committed 62016K, reserved 1105920K
  class space    used 5989K, committed 6400K, reserved 1048576K
}
Event: 1315.332 GC heap before
{Heap before GC invocations=1257 (full 1103):
 PSYoungGen      total 23552K, used 17920K [0x00000000f5580000, 0x00000000f7300000, 0x0000000100000000)
  eden space 17920K, 100% used [0x00000000f5580000,0x00000000f6700000,0x00000000f6700000)
  from space 5632K, 0% used [0x00000000f6700000,0x00000000f6700000,0x00000000f6c80000)
  to   space 5632K, 0% used [0x00000000f6c80000,0x00000000f6c80000,0x00000000f7200000)
 ParOldGen       total 349696K, used 349692K [0x00000000e0000000, 0x00000000f5580000, 0x00000000f5580000)
  object space 349696K, 99% used [0x00000000e0000000,0x00000000f557f3f0,0x00000000f5580000)
 Metaspace       used 60864K, committed 62016K, reserved 1105920K
  class space    used 5989K, committed 6400K, reserved 1048576K
}
Event: 1316.514 GC heap after
{Heap after GC invocations=1257 (full 1103):
 PSYoungGen      total 23552K, used 17919K [0x00000000f5580000, 0x00000000f7300000, 0x0000000100000000)
  eden space 17920K, 99% used [0x00000000f5580000,0x00000000f66ffe58,0x00000000f6700000)
  from space 5632K, 0% used [0x00000000f6c80000,0x00000000f6c80000,0x00000000f7200000)
  to   space 5632K, 0% used [0x00000000f6700000,0x00000000f6700000,0x00000000f6c80000)
 ParOldGen       total 349696K, used 349691K [0x00000000e0000000, 0x00000000f5580000, 0x00000000f5580000)
  object space 349696K, 99% used [0x00000000e0000000,0x00000000f557ecd0,0x00000000f5580000)
 Metaspace       used 60864K, committed 62016K, reserved 1105920K
  class space    used 5989K, committed 6400K, reserved 1048576K
}
Event: 1316.518 GC heap before
{Heap before GC invocations=1258 (full 1104):
 PSYoungGen      total 23552K, used 17920K [0x00000000f5580000, 0x00000000f7300000, 0x0000000100000000)
  eden space 17920K, 100% used [0x00000000f5580000,0x00000000f6700000,0x00000000f6700000)
  from space 5632K, 0% used [0x00000000f6c80000,0x00000000f6c80000,0x00000000f7200000)
  to   space 5632K, 0% used [0x00000000f6700000,0x00000000f6700000,0x00000000f6c80000)
 ParOldGen       total 349696K, used 349691K [0x00000000e0000000, 0x00000000f5580000, 0x00000000f5580000)
  object space 349696K, 99% used [0x00000000e0000000,0x00000000f557ecd0,0x00000000f5580000)
 Metaspace       used 60864K, committed 62016K, reserved 1105920K
  class space    used 5989K, committed 6400K, reserved 1048576K
}
Event: 1317.625 GC heap after
{Heap after GC invocations=1258 (full 1104):
 PSYoungGen      total 23552K, used 17919K [0x00000000f5580000, 0x00000000f7300000, 0x0000000100000000)
  eden space 17920K, 99% used [0x00000000f5580000,0x00000000f66ffeb0,0x00000000f6700000)
  from space 5632K, 0% used [0x00000000f6700000,0x00000000f6700000,0x00000000f6c80000)
  to   space 5632K, 0% used [0x00000000f6c80000,0x00000000f6c80000,0x00000000f7200000)
 ParOldGen       total 349696K, used 349690K [0x00000000e0000000, 0x00000000f5580000, 0x00000000f5580000)
  object space 349696K, 99% used [0x00000000e0000000,0x00000000f557eb30,0x00000000f5580000)
 Metaspace       used 60864K, committed 62016K, reserved 1105920K
  class space    used 5989K, committed 6400K, reserved 1048576K
}
Event: 1317.626 GC heap before
{Heap before GC invocations=1259 (full 1105):
 PSYoungGen      total 23552K, used 17920K [0x00000000f5580000, 0x00000000f7300000, 0x0000000100000000)
  eden space 17920K, 100% used [0x00000000f5580000,0x00000000f6700000,0x00000000f6700000)
  from space 5632K, 0% used [0x00000000f6700000,0x00000000f6700000,0x00000000f6c80000)
  to   space 5632K, 0% used [0x00000000f6c80000,0x00000000f6c80000,0x00000000f7200000)
 ParOldGen       total 349696K, used 349695K [0x00000000e0000000, 0x00000000f5580000, 0x00000000f5580000)
  object space 349696K, 99% used [0x00000000e0000000,0x00000000f557ffc8,0x00000000f5580000)
 Metaspace       used 60864K, committed 62016K, reserved 1105920K
  class space    used 5989K, committed 6400K, reserved 1048576K
}
Event: 1318.889 GC heap after
{Heap after GC invocations=1259 (full 1105):
 PSYoungGen      total 23552K, used 17919K [0x00000000f5580000, 0x00000000f7300000, 0x0000000100000000)
  eden space 17920K, 99% used [0x00000000f5580000,0x00000000f66ffec8,0x00000000f6700000)
  from space 5632K, 0% used [0x00000000f6c80000,0x00000000f6c80000,0x00000000f7200000)
  to   space 5632K, 0% used [0x00000000f6700000,0x00000000f6700000,0x00000000f6c80000)
 ParOldGen       total 349696K, used 349693K [0x00000000e0000000, 0x00000000f5580000, 0x00000000f5580000)
  object space 349696K, 99% used [0x00000000e0000000,0x00000000f557f530,0x00000000f5580000)
 Metaspace       used 60864K, committed 62016K, reserved 1105920K
  class space    used 5989K, committed 6400K, reserved 1048576K
}
Event: 1318.899 GC heap before
{Heap before GC invocations=1260 (full 1106):
 PSYoungGen      total 23552K, used 17919K [0x00000000f5580000, 0x00000000f7300000, 0x0000000100000000)
  eden space 17920K, 99% used [0x00000000f5580000,0x00000000f66ffff8,0x00000000f6700000)
  from space 5632K, 0% used [0x00000000f6c80000,0x00000000f6c80000,0x00000000f7200000)
  to   space 5632K, 0% used [0x00000000f6700000,0x00000000f6700000,0x00000000f6c80000)
 ParOldGen       total 349696K, used 349694K [0x00000000e0000000, 0x00000000f5580000, 0x00000000f5580000)
  object space 349696K, 99% used [0x00000000e0000000,0x00000000f557f8d8,0x00000000f5580000)
 Metaspace       used 60864K, committed 62016K, reserved 1105920K
  class space    used 5989K, committed 6400K, reserved 1048576K
}
Event: 1320.134 GC heap after
{Heap after GC invocations=1260 (full 1106):
 PSYoungGen      total 23552K, used 17919K [0x00000000f5580000, 0x00000000f7300000, 0x0000000100000000)
  eden space 17920K, 99% used [0x00000000f5580000,0x00000000f66ffec8,0x00000000f6700000)
  from space 5632K, 0% used [0x00000000f6700000,0x00000000f6700000,0x00000000f6c80000)
  to   space 5632K, 0% used [0x00000000f6c80000,0x00000000f6c80000,0x00000000f7200000)
 ParOldGen       total 349696K, used 349693K [0x00000000e0000000, 0x00000000f5580000, 0x00000000f5580000)
  object space 349696K, 99% used [0x00000000e0000000,0x00000000f557f548,0x00000000f5580000)
 Metaspace       used 60864K, committed 62016K, reserved 1105920K
  class space    used 5989K, committed 6400K, reserved 1048576K
}
Event: 1320.135 GC heap before
{Heap before GC invocations=1261 (full 1107):
 PSYoungGen      total 23552K, used 17919K [0x00000000f5580000, 0x00000000f7300000, 0x0000000100000000)
  eden space 17920K, 99% used [0x00000000f5580000,0x00000000f66fff98,0x00000000f6700000)
  from space 5632K, 0% used [0x00000000f6700000,0x00000000f6700000,0x00000000f6c80000)
  to   space 5632K, 0% used [0x00000000f6c80000,0x00000000f6c80000,0x00000000f7200000)
 ParOldGen       total 349696K, used 349693K [0x00000000e0000000, 0x00000000f5580000, 0x00000000f5580000)
  object space 349696K, 99% used [0x00000000e0000000,0x00000000f557f548,0x00000000f5580000)
 Metaspace       used 60864K, committed 62016K, reserved 1105920K
  class space    used 5989K, committed 6400K, reserved 1048576K
}
Event: 1321.218 GC heap after
{Heap after GC invocations=1261 (full 1107):
 PSYoungGen      total 23552K, used 17919K [0x00000000f5580000, 0x00000000f7300000, 0x0000000100000000)
  eden space 17920K, 99% used [0x00000000f5580000,0x00000000f66ffec8,0x00000000f6700000)
  from space 5632K, 0% used [0x00000000f6c80000,0x00000000f6c80000,0x00000000f7200000)
  to   space 5632K, 0% used [0x00000000f6700000,0x00000000f6700000,0x00000000f6c80000)
 ParOldGen       total 349696K, used 349693K [0x00000000e0000000, 0x00000000f5580000, 0x00000000f5580000)
  object space 349696K, 99% used [0x00000000e0000000,0x00000000f557f548,0x00000000f5580000)
 Metaspace       used 60864K, committed 62016K, reserved 1105920K
  class space    used 5989K, committed 6400K, reserved 1048576K
}
Event: 1321.218 GC heap before
{Heap before GC invocations=1262 (full 1108):
 PSYoungGen      total 23552K, used 17919K [0x00000000f5580000, 0x00000000f7300000, 0x0000000100000000)
  eden space 17920K, 99% used [0x00000000f5580000,0x00000000f66ffec8,0x00000000f6700000)
  from space 5632K, 0% used [0x00000000f6c80000,0x00000000f6c80000,0x00000000f7200000)
  to   space 5632K, 0% used [0x00000000f6700000,0x00000000f6700000,0x00000000f6c80000)
 ParOldGen       total 349696K, used 349693K [0x00000000e0000000, 0x00000000f5580000, 0x00000000f5580000)
  object space 349696K, 99% used [0x00000000e0000000,0x00000000f557f548,0x00000000f5580000)
 Metaspace       used 60864K, committed 62016K, reserved 1105920K
  class space    used 5989K, committed 6400K, reserved 1048576K
}
Event: 1322.450 GC heap after
{Heap after GC invocations=1262 (full 1108):
 PSYoungGen      total 23552K, used 17919K [0x00000000f5580000, 0x00000000f7300000, 0x0000000100000000)
  eden space 17920K, 99% used [0x00000000f5580000,0x00000000f66ffec8,0x00000000f6700000)
  from space 5632K, 0% used [0x00000000f6700000,0x00000000f6700000,0x00000000f6c80000)
  to   space 5632K, 0% used [0x00000000f6c80000,0x00000000f6c80000,0x00000000f7200000)
 ParOldGen       total 349696K, used 349693K [0x00000000e0000000, 0x00000000f5580000, 0x00000000f5580000)
  object space 349696K, 99% used [0x00000000e0000000,0x00000000f557f548,0x00000000f5580000)
 Metaspace       used 60864K, committed 62016K, reserved 1105920K
  class space    used 5989K, committed 6400K, reserved 1048576K
}

Dll operation events (9 events):
Event: 0.002 Loaded shared library /nix/store/gpxl5qgg8kicmcvivwmybwjlpf7wh20l-graalvm17-ce-22.3.0/lib/libjava.so
Event: 0.007 Loaded shared library /nix/store/gpxl5qgg8kicmcvivwmybwjlpf7wh20l-graalvm17-ce-22.3.0/lib/libjsvml.so
Event: 0.395 Loaded shared library /nix/store/gpxl5qgg8kicmcvivwmybwjlpf7wh20l-graalvm17-ce-22.3.0/lib/libnio.so
Event: 0.398 Loaded shared library /nix/store/gpxl5qgg8kicmcvivwmybwjlpf7wh20l-graalvm17-ce-22.3.0/lib/libzip.so
Event: 0.401 Loaded shared library /nix/store/gpxl5qgg8kicmcvivwmybwjlpf7wh20l-graalvm17-ce-22.3.0/lib/libjvmcicompiler.so
Event: 0.889 Loaded shared library /nix/store/gpxl5qgg8kicmcvivwmybwjlpf7wh20l-graalvm17-ce-22.3.0/lib/libjimage.so
Event: 1.500 Loaded shared library /nix/store/gpxl5qgg8kicmcvivwmybwjlpf7wh20l-graalvm17-ce-22.3.0/lib/libnet.so
Event: 4.389 Loaded shared library /home/runner/.cache/jdt-language-server/config/org.eclipse.equinox.launcher/org.eclipse.equinox.launcher.gtk.linux.x86_64_1.2.400.v20211117-0650/eclipse_11600.so
Event: 12.494 Loaded shared library /nix/store/gpxl5qgg8kicmcvivwmybwjlpf7wh20l-graalvm17-ce-22.3.0/lib/libextnet.so

Deoptimization events (20 events):
Event: 389.584 Thread 0x00007f65a8001dd0 Uncommon trap: trap_request=0xffffffed fr.pc=0x00007f66332060db relative=0x000000000000005b
Event: 389.584 Thread 0x00007f65a8001dd0 Uncommon trap: reason=null_assert_or_unreached0 action=reinterpret pc=0x00007f66332060db method=java.lang.Thread.interrupted()Z @ 8 jvmci
Event: 389.584 Thread 0x00007f65a8001dd0 DEOPT PACKING pc=0x00007f66332060db sp=0x00007f65f23fe650
Event: 389.584 Thread 0x00007f65a8001dd0 DEOPT UNPACKING pc=0x00007f662b505325 sp=0x00007f65f23fdae0 mode 3
Event: 1066.095 Thread 0x00007f65ac04ffb0 DEOPT PACKING pc=0x00007f662c56eac0 sp=0x00007f65f28fd750
Event: 1066.095 Thread 0x00007f65ac04ffb0 DEOPT UNPACKING pc=0x00007f662b505325 sp=0x00007f65f28fcc88 mode 0
Event: 1105.987 Thread 0x00007f65ac113230 DEOPT PACKING pc=0x00007f66331a3bdc sp=0x00007f65f25fde00
Event: 1105.987 Thread 0x00007f65ac113230 DEOPT UNPACKING pc=0x00007f662b505325 sp=0x00007f65f25fd288 mode 1
Event: 1259.308 Thread 0x00007f65ac113230 Uncommon trap: trap_request=0xffffff8f fr.pc=0x00007f663305ecb6 relative=0x0000000000000476
Event: 1259.308 Thread 0x00007f65ac113230 Uncommon trap: reason=constraint action=none pc=0x00007f663305ecb6 method=java.lang.StringBuilder.append(Ljava/lang/String;)Ljava/lang/StringBuilder; @ 0 jvmci
Event: 1259.308 Thread 0x00007f65ac113230 DEOPT PACKING pc=0x00007f663305ecb6 sp=0x00007f65f25fca60
Event: 1259.308 Thread 0x00007f65ac113230 DEOPT UNPACKING pc=0x00007f662b505325 sp=0x00007f65f25fbf28 mode 3
Event: 1261.711 Thread 0x00007f65ac113230 Uncommon trap: trap_request=0xffffff8f fr.pc=0x00007f66331d7e81 relative=0x0000000000000541
Event: 1261.711 Thread 0x00007f65ac113230 Uncommon trap: reason=constraint action=none pc=0x00007f66331d7e81 method=java.lang.AbstractStringBuilder.append(Ljava/lang/String;)Ljava/lang/AbstractStringBuilder; @ 0 jvmci
Event: 1261.711 Thread 0x00007f65ac113230 DEOPT PACKING pc=0x00007f66331d7e81 sp=0x00007f65f25fc9f0
Event: 1261.711 Thread 0x00007f65ac113230 DEOPT UNPACKING pc=0x00007f662b505325 sp=0x00007f65f25fbeb0 mode 3
Event: 1272.513 Thread 0x00007f66443e4e90 DEOPT PACKING pc=0x00007f6633099190 sp=0x00007f65f29fda10
Event: 1272.513 Thread 0x00007f66443e4e90 DEOPT UNPACKING pc=0x00007f662b505325 sp=0x00007f65f29fce58 mode 1
Event: 1272.513 Thread 0x00007f66443e4e90 DEOPT PACKING pc=0x00007f6633212ad4 sp=0x00007f65f29fdc50
Event: 1272.513 Thread 0x00007f66443e4e90 DEOPT UNPACKING pc=0x00007f662b505325 sp=0x00007f65f29fd088 mode 1

Classes unloaded (20 events):
Event: 71.119 Thread 0x00007f66440a1bf0 Unloading class 0x0000000800d99000 'java/lang/invoke/LambdaForm$MH+0x0000000800d99000'
Event: 71.119 Thread 0x00007f66440a1bf0 Unloading class 0x0000000800d98c00 'java/lang/invoke/LambdaForm$MH+0x0000000800d98c00'
Event: 71.119 Thread 0x00007f66440a1bf0 Unloading class 0x0000000800d98800 'java/lang/invoke/LambdaForm$MH+0x0000000800d98800'
Event: 71.119 Thread 0x00007f66440a1bf0 Unloading class 0x0000000800d98400 'java/lang/invoke/LambdaForm$MH+0x0000000800d98400'
Event: 71.119 Thread 0x00007f66440a1bf0 Unloading class 0x0000000800d98000 'jdk/internal/reflect/GeneratedConstructorAccessor3'
Event: 71.119 Thread 0x00007f66440a1bf0 Unloading class 0x0000000800d06800 'java/lang/invoke/LambdaForm$MH+0x0000000800d06800'
Event: 71.119 Thread 0x00007f66440a1bf0 Unloading class 0x0000000800d06000 'java/lang/invoke/LambdaForm$MH+0x0000000800d06000'
Event: 71.119 Thread 0x00007f66440a1bf0 Unloading class 0x0000000800d05c00 'java/lang/invoke/LambdaForm$MH+0x0000000800d05c00'
Event: 71.119 Thread 0x00007f66440a1bf0 Unloading class 0x0000000800d05800 'java/lang/invoke/LambdaForm$MH+0x0000000800d05800'
Event: 71.119 Thread 0x00007f66440a1bf0 Unloading class 0x0000000800d05000 'java/lang/invoke/LambdaForm$MH+0x0000000800d05000'
Event: 71.119 Thread 0x00007f66440a1bf0 Unloading class 0x0000000800d04c00 'java/lang/invoke/LambdaForm$MH+0x0000000800d04c00'
Event: 71.119 Thread 0x00007f66440a1bf0 Unloading class 0x0000000800d04800 'java/lang/invoke/LambdaForm$MH+0x0000000800d04800'
Event: 71.119 Thread 0x00007f66440a1bf0 Unloading class 0x0000000800d04000 'java/lang/invoke/LambdaForm$MH+0x0000000800d04000'
Event: 71.119 Thread 0x00007f66440a1bf0 Unloading class 0x0000000800c1d000 'jdk/internal/reflect/GeneratedMethodAccessor5'
Event: 71.119 Thread 0x00007f66440a1bf0 Unloading class 0x0000000800c1cc00 'jdk/internal/reflect/GeneratedMethodAccessor4'
Event: 71.119 Thread 0x00007f66440a1bf0 Unloading class 0x0000000800c1c800 'jdk/internal/reflect/GeneratedMethodAccessor3'
Event: 71.119 Thread 0x00007f66440a1bf0 Unloading class 0x0000000800c1c400 'jdk/internal/reflect/GeneratedMethodAccessor2'
Event: 71.119 Thread 0x00007f66440a1bf0 Unloading class 0x0000000800c1c000 'jdk/internal/reflect/GeneratedMethodAccessor1'
Event: 71.119 Thread 0x00007f66440a1bf0 Unloading class 0x0000000800c01c00 'java/lang/invoke/LambdaForm$DMH+0x0000000800c01c00'
Event: 1088.348 Thread 0x00007f66440a1bf0 Unloading class 0x000000080112d800 'jdk/internal/reflect/GeneratedConstructorAccessor45'

Classes redefined (0 events):
No events

Internal exceptions (20 events):
Event: 51.599 Thread 0x00007f65ac119090 Exception <a 'java/lang/NoSuchMethodError'{0x00000000f63cde68}: 'java.lang.Object java.lang.invoke.DirectMethodHandle$Holder.newInvokeSpecial(java.lang.Object, int, java.lang.Object, java.lang.Object, java.lang.Object)'> (0x00000000f63cde68) 
thrown [src/hotspot/share/interpreter/linkResolver.cpp, line 758]
Event: 51.783 Thread 0x00007f65ac10c620 Exception <a 'java/lang/NoSuchMethodError'{0x00000000f65ca558}: 'java.lang.Object java.lang.invoke.DirectMethodHandle$Holder.newInvokeSpecial(java.lang.Object, java.lang.Object, int, java.lang.Object, java.lang.Object, java.lang.Object, java.lang.Object)'> (0x00000000f65ca558) 
thrown [src/hotspot/share/interpreter/linkResolver.cpp, line 758]
Event: 52.092 Thread 0x00007f65ac10c620 Exception <a 'java/lang/NoSuchMethodError'{0x00000000f5cb9e90}: 'void java.lang.invoke.DirectMethodHandle$Holder.invokeSpecial(java.lang.Object, java.lang.Object, int)'> (0x00000000f5cb9e90) 
thrown [src/hotspot/share/interpreter/linkResolver.cpp, line 758]
Event: 53.698 Thread 0x00007f65ac10c620 Exception <a 'java/lang/NoSuchMethodError'{0x00000000f56433a8}: 'int java.lang.invoke.DirectMethodHandle$Holder.invokeSpecialIFC(java.lang.Object, java.lang.Object, java.lang.Object, java.lang.Object)'> (0x00000000f56433a8) 
thrown [src/hotspot/share/interpreter/linkResolver.cpp, line 758]
Event: 1104.787 Thread 0x00007f65ac113230 Exception <a 'java/lang/OutOfMemoryError'{0x00000000e00043f0}> (0x00000000e00043f0) 
thrown [src/hotspot/share/gc/shared/memAllocator.cpp, line 136]
Event: 1185.218 Thread 0x00007f66443e4e90 Exception <a 'java/lang/OutOfMemoryError'{0x00000000e00046c0}> (0x00000000e00046c0) 
thrown [src/hotspot/share/gc/shared/memAllocator.cpp, line 136]
Event: 1197.205 Thread 0x00007f66443e4e90 Exception <a 'java/lang/reflect/InvocationTargetException'{0x00000000f557be38}> (0x00000000f557be38) 
thrown [src/hotspot/share/runtime/reflection.cpp, line 1119]
Event: 1259.307 Thread 0x00007f65ac113230 Exception <a 'java/lang/OutOfMemoryError'{0x00000000e0004990}> (0x00000000e0004990) 
thrown [src/hotspot/share/gc/shared/memAllocator.cpp, line 138]
Event: 1259.308 Thread 0x00007f65ac113230 Implicit null exception at 0x00007f663305eaec to 0x00007f663305ec9b
Event: 1261.711 Thread 0x00007f65ac113230 Exception <a 'java/lang/OutOfMemoryError'{0x00000000e0004990}> (0x00000000e0004990) 
thrown [src/hotspot/share/gc/shared/memAllocator.cpp, line 138]
Event: 1261.711 Thread 0x00007f65ac113230 Implicit null exception at 0x00007f66331d7cd5 to 0x00007f66331d7e66
Event: 1263.985 Thread 0x00007f66443e4e90 Exception <a 'java/lang/OutOfMemoryError'{0x00000000e0004cb0}> (0x00000000e0004cb0) 
thrown [src/hotspot/share/gc/shared/memAllocator.cpp, line 136]
Event: 1271.516 Thread 0x00007f66443e4e90 Exception <a 'java/lang/OutOfMemoryError'{0x00000000e00049e0}> (0x00000000e00049e0) 
thrown [src/hotspot/share/gc/shared/memAllocator.cpp, line 136]
Event: 1279.881 Thread 0x00007f65ac119990 Exception <a 'java/lang/OutOfMemoryError'{0x00000000e00049e0}> (0x00000000e00049e0) 
thrown [src/hotspot/share/gc/shared/memAllocator.cpp, line 136]
Event: 1281.804 Thread 0x00007f65ac119990 Exception <a 'java/lang/OutOfMemoryError'{0x00000000e00049e0}> (0x00000000e00049e0) 
thrown [src/hotspot/share/oops/instanceKlass.cpp, line 1166]
Event: 1305.223 Thread 0x00007f65c4007280 Exception <a 'java/lang/OutOfMemoryError'{0x00000000e00049e0}> (0x00000000e00049e0) 
thrown [src/hotspot/share/gc/shared/memAllocator.cpp, line 136]
Event: 1313.211 Thread 0x00007f65ac113230 Exception <a 'java/lang/OutOfMemoryError'{0x00000000e00049e0}> (0x00000000e00049e0) 
thrown [src/hotspot/share/gc/shared/memAllocator.cpp, line 136]
Event: 1315.331 Thread 0x00007f65ac113230 Exception <a 'java/lang/reflect/InvocationTargetException'{0x00000000f66ffe98}> (0x00000000f66ffe98) 
thrown [src/hotspot/share/runtime/reflection.cpp, line 1119]
Event: 1315.331 Thread 0x00007f65ac113230 Exception <a 'java/lang/OutOfMemoryError'{0x00000000e00049e0}> (0x00000000e00049e0) 
thrown [src/hotspot/share/prims/jni.cpp, line 516]
Event: 1322.450 Thread 0x00007f66440b21b0 Exception <a 'java/lang/OutOfMemoryError'{0x00000000e00049e0}> (0x00000000e00049e0) 
thrown [src/hotspot/share/gc/shared/memAllocator.cpp, line 136]

VM Operations (20 events):
Event: 1310.212 Executing VM operation: ParallelGCFailedAllocation done
Event: 1310.212 Executing VM operation: ParallelGCFailedAllocation
Event: 1311.217 Executing VM operation: ParallelGCFailedAllocation done
Event: 1311.217 Executing VM operation: ParallelGCFailedAllocation
Event: 1313.211 Executing VM operation: ParallelGCFailedAllocation done
Event: 1313.211 Executing VM operation: ParallelGCFailedAllocation
Event: 1314.129 Executing VM operation: ParallelGCFailedAllocation done
Event: 1314.129 Executing VM operation: ParallelGCFailedAllocation
Event: 1315.331 Executing VM operation: ParallelGCFailedAllocation done
Event: 1315.331 Executing VM operation: ParallelGCFailedAllocation
Event: 1316.514 Executing VM operation: ParallelGCFailedAllocation done
Event: 1316.515 Executing VM operation: ParallelGCFailedAllocation
Event: 1317.626 Executing VM operation: ParallelGCFailedAllocation done
Event: 1317.626 Executing VM operation: ParallelGCFailedAllocation
Event: 1318.889 Executing VM operation: ParallelGCFailedAllocation done
Event: 1318.889 Executing VM operation: ParallelGCFailedAllocation
Event: 1320.134 Executing VM operation: ParallelGCFailedAllocation done
Event: 1320.134 Executing VM operation: ParallelGCFailedAllocation
Event: 1322.450 Executing VM operation: ParallelGCFailedAllocation done
Event: 1322.450 Executing VM operation: ParallelGCFailedAllocation

Events (20 events):
Event: 911.683 Thread 0x00007f65ac04ffb0 Thread exited: 0x00007f65ac04ffb0
Event: 912.629 Thread 0x00007f65ac04ffb0 Thread added: 0x00007f65ac04ffb0
Event: 912.629 Protecting memory [0x00007f65f2800000,0x00007f65f2804000] with protection modes 0
Event: 977.810 Thread 0x00007f65ac113b70 Thread added: 0x00007f65ac113b70
Event: 977.810 Protecting memory [0x00007f6628900000,0x00007f6628904000] with protection modes 0
Event: 1187.411 loading class java/util/logging/LogRecord
Event: 1192.730 loading class java/util/logging/LogRecord done
Event: 1214.090 loading class java/util/logging/ConsoleHandler
Event: 1214.090 loading class java/util/logging/StreamHandler
Event: 1223.707 loading class java/util/logging/StreamHandler done
Event: 1227.010 loading class java/util/logging/ConsoleHandler done
Event: 1236.585 loading class java/util/logging/SimpleFormatter
Event: 1236.585 loading class java/util/logging/Formatter
Event: 1239.914 loading class java/util/logging/Formatter done
Event: 1245.316 loading class java/util/logging/SimpleFormatter done
Event: 1263.985 loading class java/nio/BufferUnderflowException
Event: 1265.117 loading class java/nio/BufferUnderflowException done
Event: 1268.413 loading class java/lang/AssertionError
Event: 1268.413 loading class java/lang/AssertionError done
Event: 1317.626 Thread 0x00007f65ac113230 Thread exited: 0x00007f65ac113230


Dynamic libraries:
e0000000-f5580000 rw-p 00000000 00:00 0 
f5580000-f7300000 rw-p 00000000 00:00 0 
f7300000-100000000 ---p 00000000 00:00 0 
800000000-800449000 rw-p 00001000 00:1369 4611686019135357769            /nix/store/gpxl5qgg8kicmcvivwmybwjlpf7wh20l-graalvm17-ce-22.3.0/lib/server/classes.jsa
800449000-800bc8000 r--p 0044a000 00:1369 4611686019135357769            /nix/store/gpxl5qgg8kicmcvivwmybwjlpf7wh20l-graalvm17-ce-22.3.0/lib/server/classes.jsa
800bc8000-800c00000 ---p 00000000 00:00 0 
800c00000-800c20000 rw-p 00000000 00:00 0 
800c20000-800c40000 rw-p 00000000 00:00 0 
800c40000-800cc0000 rw-p 00000000 00:00 0 
800cc0000-800d00000 rw-p 00000000 00:00 0 
800d00000-800dc0000 rw-p 00000000 00:00 0 
800dc0000-800e00000 rw-p 00000000 00:00 0 
800e00000-800f40000 rw-p 00000000 00:00 0 
800f40000-800fc0000 rw-p 00000000 00:00 0 
800fc0000-801000000 rw-p 00000000 00:00 0 
801000000-801240000 rw-p 00000000 00:00 0 
801240000-840c00000 ---p 00000000 00:00 0 
559422d1c000-559422d1d000 r-xp 00000000 00:1369 4611686019099417844      /nix/store/gpxl5qgg8kicmcvivwmybwjlpf7wh20l-graalvm17-ce-22.3.0/bin/.java-wrapped
559422d1e000-559422d1f000 r--p 00001000 00:1369 4611686019099417844      /nix/store/gpxl5qgg8kicmcvivwmybwjlpf7wh20l-graalvm17-ce-22.3.0/bin/.java-wrapped
559422d1f000-559422d20000 rw-p 00002000 00:1369 4611686019099417844      /nix/store/gpxl5qgg8kicmcvivwmybwjlpf7wh20l-graalvm17-ce-22.3.0/bin/.java-wrapped
559422d20000-559422d21000 rw-p 00004000 00:1369 4611686019099417844      /nix/store/gpxl5qgg8kicmcvivwmybwjlpf7wh20l-graalvm17-ce-22.3.0/bin/.java-wrapped
559422d21000-559422d22000 rw-p 00005000 00:1369 4611686019099417844      /nix/store/gpxl5qgg8kicmcvivwmybwjlpf7wh20l-graalvm17-ce-22.3.0/bin/.java-wrapped
559423fae000-559423ff6000 rw-p 00000000 00:00 0                          [heap]
7f6574000000-7f6574039000 rw-p 00000000 00:00 0 
7f6574039000-7f6578000000 ---p 00000000 00:00 0 
7f6578000000-7f65780c5000 rw-p 00000000 00:00 0 
7f65780c5000-7f657c000000 ---p 00000000 00:00 0 
7f657c000000-7f657c066000 rw-p 00000000 00:00 0 
7f657c066000-7f6580000000 ---p 00000000 00:00 0 
7f6580000000-7f65800e4000 rw-p 00000000 00:00 0 
7f65800e4000-7f6584000000 ---p 00000000 00:00 0 
7f6584000000-7f6584021000 rw-p 00000000 00:00 0 
7f6584021000-7f6588000000 ---p 00000000 00:00 0 
7f6588000000-7f658808d000 rw-p 00000000 00:00 0 
7f658808d000-7f658c000000 ---p 00000000 00:00 0 
7f658c000000-7f658c021000 rw-p 00000000 00:00 0 
7f658c021000-7f6590000000 ---p 00000000 00:00 0 
7f6590000000-7f6590021000 rw-p 00000000 00:00 0 
7f6590021000-7f6594000000 ---p 00000000 00:00 0 
7f6594000000-7f6594021000 rw-p 00000000 00:00 0 
7f6594021000-7f6598000000 ---p 00000000 00:00 0 
7f6599300000-7f6599400000 ---p 00000000 00:00 0 
7f6599400000-7f65999af000 r--p 01122000 00:1369 4611686019135190040      /nix/store/gpxl5qgg8kicmcvivwmybwjlpf7wh20l-graalvm17-ce-22.3.0/lib/libjvmcicompiler.so
7f65999af000-7f6599b00000 r--p 00000000 00:00 0 
7f6599b00000-7f6599b3d000 rw-p 00000000 00:00 0 
7f6599b3d000-7f659a05d000 rw-p 0185f000 00:1369 4611686019135190040      /nix/store/gpxl5qgg8kicmcvivwmybwjlpf7wh20l-graalvm17-ce-22.3.0/lib/libjvmcicompiler.so
7f659a05d000-7f659a444000 r--p 01d7f000 00:1369 4611686019135190040      /nix/store/gpxl5qgg8kicmcvivwmybwjlpf7wh20l-graalvm17-ce-22.3.0/lib/libjvmcicompiler.so
7f659a4b3000-7f65a4000000 r--s 00000000 00:1369 4611686019135192581      /nix/store/gpxl5qgg8kicmcvivwmybwjlpf7wh20l-graalvm17-ce-22.3.0/lib/modules
7f65a4000000-7f65a4026000 rw-p 00000000 00:00 0 
7f65a4026000-7f65a8000000 ---p 00000000 00:00 0 
7f65a8000000-7f65a8021000 rw-p 00000000 00:00 0 
7f65a8021000-7f65ac000000 ---p 00000000 00:00 0 
7f65ac000000-7f65ac183000 rw-p 00000000 00:00 0 
7f65ac183000-7f65b0000000 ---p 00000000 00:00 0 
7f65b0000000-7f65b04d8000 rw-p 00000000 00:00 0 
7f65b04d8000-7f65b4000000 ---p 00000000 00:00 0 
7f65b4000000-7f65b4021000 rw-p 00000000 00:00 0 
7f65b4021000-7f65b8000000 ---p 00000000 00:00 0 
7f65b8000000-7f65b8021000 rw-p 00000000 00:00 0 
7f65b8021000-7f65bc000000 ---p 00000000 00:00 0 
7f65bc000000-7f65bc073000 rw-p 00000000 00:00 0 
7f65bc073000-7f65c0000000 ---p 00000000 00:00 0 
7f65c0000000-7f65c010b000 rw-p 00000000 00:00 0 
7f65c010b000-7f65c4000000 ---p 00000000 00:00 0 
7f65c4000000-7f65c4338000 rw-p 00000000 00:00 0 
7f65c4338000-7f65c8000000 ---p 00000000 00:00 0 
7f65c8000000-7f65c8132000 rw-p 00000000 00:00 0 
7f65c8132000-7f65cc000000 ---p 00000000 00:00 0 
7f65cc000000-7f65cc021000 rw-p 00000000 00:00 0 
7f65cc021000-7f65d0000000 ---p 00000000 00:00 0 
7f65d0000000-7f65d0021000 rw-p 00000000 00:00 0 
7f65d0021000-7f65d4000000 ---p 00000000 00:00 0 
7f65d4000000-7f65d4021000 rw-p 00000000 00:00 0 
7f65d4021000-7f65d8000000 ---p 00000000 00:00 0 
7f65d8000000-7f65d8300000 rw-p 00000000 00:00 0 
7f65d8300000-7f65d8350000 rw-p 00000000 00:00 0 
7f65d8350000-7f65d8400000 ---p 00000000 00:00 0 
7f65d8400000-7f65d8700000 rw-p 00000000 00:00 0 
7f65d8700000-7f65d8800000 ---p 00000000 00:00 0 
7f65d8c00000-7f65d90c0000 rw-p 00000000 00:00 0 
7f65d90c0000-7f65d9400000 rw-p 00000000 00:00 0 
7f65d9800000-7f65d9980000 rw-p 00000000 00:00 0 
7f65d9980000-7f65d9a00000 rw-p 00000000 00:00 0 
7f65d9a00000-7f65d9d00000 rw-p 00000000 00:00 0 
7f65d9d00000-7f65d9e00000 rw-p 00000000 00:00 0 
7f65d9e00000-7f65da000000 rw-p 00000000 00:00 0 
7f65da000000-7f65da080000 rw-p 00000000 00:00 0 
7f65da080000-7f65da100000 rw-p 00000000 00:00 0 
7f65da100000-7f65da300000 rw-p 00000000 00:00 0 
7f65da300000-7f65da400000 rw-p 00000000 00:00 0 
7f65da400000-7f65da500000 rw-p 00000000 00:00 0 
7f65da500000-7f65da600000 rw-p 00000000 00:00 0 
7f65da600000-7f65da800000 rw-p 00000000 00:00 0 
7f65da800000-7f65da900000 rw-p 00000000 00:00 0 
7f65da900000-7f65daa00000 rw-p 00000000 00:00 0 
7f65daa00000-7f65daf80000 rw-p 00000000 00:00 0 
7f65daf80000-7f65db000000 rw-p 00000000 00:00 0 
7f65db000000-7f65db100000 rw-p 00000000 00:00 0 
7f65db100000-7f65db200000 rw-p 00000000 00:00 0 
7f65db200000-7f65db500000 rw-p 00000000 00:00 0 
7f65db500000-7f65db600000 rw-p 00000000 00:00 0 
7f65db600000-7f65db800000 rw-p 00000000 00:00 0 
7f65dc000000-7f65dc8cb000 rw-p 00000000 00:00 0 
7f65dc8cb000-7f65e0000000 ---p 00000000 00:00 0 
7f65e0000000-7f65e0025000 rw-p 00000000 00:00 0 
7f65e0025000-7f65e4000000 ---p 00000000 00:00 0 
7f65e4000000-7f65e4021000 rw-p 00000000 00:00 0 
7f65e4021000-7f65e8000000 ---p 00000000 00:00 0 
7f65e8000000-7f65e8021000 rw-p 00000000 00:00 0 
7f65e8021000-7f65ec000000 ---p 00000000 00:00 0 
7f65ec000000-7f65ec021000 rw-p 00000000 00:00 0 
7f65ec021000-7f65f0000000 ---p 00000000 00:00 0 
7f65f0a00000-7f65f0a10000 r-xp 00000000 00:1360 359                      /home/runner/.cache/jdt-language-server/config/org.eclipse.equinox.launcher/org.eclipse.equinox.launcher.gtk.linux.x86_64_1.2.400.v20211117-0650/eclipse_11600.so
7f65f0a10000-7f65f0c0f000 ---p 00010000 00:1360 359                      /home/runner/.cache/jdt-language-server/config/org.eclipse.equinox.launcher/org.eclipse.equinox.launcher.gtk.linux.x86_64_1.2.400.v20211117-0650/eclipse_11600.so
7f65f0c0f000-7f65f0c10000 r--p 0000f000 00:1360 359                      /home/runner/.cache/jdt-language-server/config/org.eclipse.equinox.launcher/org.eclipse.equinox.launcher.gtk.linux.x86_64_1.2.400.v20211117-0650/eclipse_11600.so
7f65f0c10000-7f65f0c11000 rw-p 00010000 00:1360 359                      /home/runner/.cache/jdt-language-server/config/org.eclipse.equinox.launcher/org.eclipse.equinox.launcher.gtk.linux.x86_64_1.2.400.v20211117-0650/eclipse_11600.so
7f65f1700000-7f65f1704000 ---p 00000000 00:00 0 
7f65f1704000-7f65f1800000 rw-p 00000000 00:00 0 
7f65f1900000-7f65f1904000 ---p 00000000 00:00 0 
7f65f1904000-7f65f1a00000 rw-p 00000000 00:00 0 
7f65f1b00000-7f65f1b04000 ---p 00000000 00:00 0 
7f65f1b04000-7f65f1c00000 rw-p 00000000 00:00 0 
7f65f1d00000-7f65f1d04000 ---p 00000000 00:00 0 
7f65f1d04000-7f65f1e00000 rw-p 00000000 00:00 0 
7f65f1f00000-7f65f1f04000 ---p 00000000 00:00 0 
7f65f1f04000-7f65f2000000 rw-p 00000000 00:00 0 
7f65f2100000-7f65f2104000 ---p 00000000 00:00 0 
7f65f2104000-7f65f2200000 rw-p 00000000 00:00 0 
7f65f2300000-7f65f2304000 ---p 00000000 00:00 0 
7f65f2304000-7f65f2400000 rw-p 00000000 00:00 0 
7f65f2500000-7f65f2504000 ---p 00000000 00:00 0 
7f65f2504000-7f65f2600000 rw-p 00000000 00:00 0 
7f65f2700000-7f65f2704000 ---p 00000000 00:00 0 
7f65f2704000-7f65f2800000 rw-p 00000000 00:00 0 
7f65f2800000-7f65f2804000 ---p 00000000 00:00 0 
7f65f2804000-7f65f2900000 rw-p 00000000 00:00 0 
7f65f2900000-7f65f2904000 ---p 00000000 00:00 0 
7f65f2904000-7f65f2a00000 rw-p 00000000 00:00 0 
7f65f2b00000-7f65f2b04000 ---p 00000000 00:00 0 
7f65f2b04000-7f65f2c00000 rw-p 00000000 00:00 0 
7f65f2d00000-7f65f2d04000 ---p 00000000 00:00 0 
7f65f2d04000-7f65f2e00000 rw-p 00000000 00:00 0 
7f65f3a68000-7f65f3f00000 rw-p 00000000 00:00 0 
7f65f4000000-7f65f4021000 rw-p 00000000 00:00 0 
7f65f4021000-7f65f8000000 ---p 00000000 00:00 0 
7f65f8000000-7f65f8021000 rw-p 00000000 00:00 0 
7f65f8021000-7f65fc000000 ---p 00000000 00:00 0 
7f65fc000000-7f65fc021000 rw-p 00000000 00:00 0 
7f65fc021000-7f6600000000 ---p 00000000 00:00 0 
7f6600000000-7f6600021000 rw-p 00000000 00:00 0 
7f6600021000-7f6604000000 ---p 00000000 00:00 0 
7f6604000000-7f66040e6000 rw-p 00000000 00:00 0 
7f66040e6000-7f6608000000 ---p 00000000 00:00 0 
7f6608000000-7f6608b2e000 rw-p 00000000 00:00 0 
7f6608b2e000-7f660c000000 ---p 00000000 00:00 0 
7f660c000000-7f660c021000 rw-p 00000000 00:00 0 
7f660c021000-7f6610000000 ---p 00000000 00:00 0 
7f6610000000-7f6610021000 rw-p 00000000 00:00 0 
7f6610021000-7f6614000000 ---p 00000000 00:00 0 
7f6614000000-7f6614021000 rw-p 00000000 00:00 0 
7f6614021000-7f6618000000 ---p 00000000 00:00 0 
7f6618000000-7f6618021000 rw-p 00000000 00:00 0 
7f6618021000-7f661c000000 ---p 00000000 00:00 0 
7f661c000000-7f661c021000 rw-p 00000000 00:00 0 
7f661c021000-7f6620000000 ---p 00000000 00:00 0 
7f6620000000-7f6620021000 rw-p 00000000 00:00 0 
7f6620021000-7f6624000000 ---p 00000000 00:00 0 
7f6624000000-7f662411d000 rw-p 00000000 00:00 0 
7f662411d000-7f6628000000 ---p 00000000 00:00 0 
7f6628000000-7f6628004000 ---p 00000000 00:00 0 
7f6628004000-7f6628100000 rw-p 00000000 00:00 0 
7f6628100000-7f6628104000 ---p 00000000 00:00 0 
7f6628104000-7f6628200000 rw-p 00000000 00:00 0 
7f6628300000-7f6628304000 ---p 00000000 00:00 0 
7f6628304000-7f6628400000 rw-p 00000000 00:00 0 
7f6628500000-7f6628504000 ---p 00000000 00:00 0 
7f6628504000-7f6628600000 rw-p 00000000 00:00 0 
7f6628700000-7f6628704000 ---p 00000000 00:00 0 
7f6628704000-7f6628800000 rw-p 00000000 00:00 0 
7f6628800000-7f6628804000 ---p 00000000 00:00 0 
7f6628804000-7f6628900000 rw-p 00000000 00:00 0 
7f6628900000-7f6628904000 ---p 00000000 00:00 0 
7f6628904000-7f6628a00000 rw-p 00000000 00:00 0 
7f6628b00000-7f6628b04000 ---p 00000000 00:00 0 
7f6628b04000-7f6628c00000 rw-p 00000000 00:00 0 
7f6628c00000-7f6628c04000 ---p 00000000 00:00 0 
7f6628c04000-7f6628d00000 rw-p 00000000 00:00 0 
7f6628d00000-7f6628d04000 ---p 00000000 00:00 0 
7f6628d04000-7f6628e00000 rw-p 00000000 00:00 0 
7f6628f00000-7f6628f04000 ---p 00000000 00:00 0 
7f6628f04000-7f6629000000 rw-p 00000000 00:00 0 
7f6629000000-7f662b16a000 r-xp 00000000 00:1369 4611686019135190040      /nix/store/gpxl5qgg8kicmcvivwmybwjlpf7wh20l-graalvm17-ce-22.3.0/lib/libjvmcicompiler.so
7f662b16a000-7f662b369000 ---p 0216a000 00:1369 4611686019135190040      /nix/store/gpxl5qgg8kicmcvivwmybwjlpf7wh20l-graalvm17-ce-22.3.0/lib/libjvmcicompiler.so
7f662b369000-7f662b36a000 r--p 02169000 00:1369 4611686019135190040      /nix/store/gpxl5qgg8kicmcvivwmybwjlpf7wh20l-graalvm17-ce-22.3.0/lib/libjvmcicompiler.so
7f662b36a000-7f662b36c000 rw-p 0216a000 00:1369 4611686019135190040      /nix/store/gpxl5qgg8kicmcvivwmybwjlpf7wh20l-graalvm17-ce-22.3.0/lib/libjvmcicompiler.so
7f662b36c000-7f662b36d000 rw-p 00000000 00:00 0 
7f662b36d000-7f662b372000 rw-p 023c3000 00:1369 4611686019135190040      /nix/store/gpxl5qgg8kicmcvivwmybwjlpf7wh20l-graalvm17-ce-22.3.0/lib/libjvmcicompiler.so
7f662b3b3000-7f662b3b7000 ---p 00000000 00:00 0 
7f662b3b7000-7f662b4b3000 rw-p 00000000 00:00 0 
7f662b4b3000-7f662b723000 rwxp 00000000 00:00 0 
7f662b723000-7f662ba42000 ---p 00000000 00:00 0 
7f662ba42000-7f662cab2000 rwxp 00000000 00:00 0 
7f662cab2000-7f6632f7a000 ---p 00000000 00:00 0 
7f6632f7a000-7f663322a000 rwxp 00000000 00:00 0 
7f663322a000-7f663a4b3000 ---p 00000000 00:00 0 
7f663a4b3000-7f6644000000 r--s 00000000 00:1369 4611686019135192581      /nix/store/gpxl5qgg8kicmcvivwmybwjlpf7wh20l-graalvm17-ce-22.3.0/lib/modules
7f6644000000-7f664463b000 rw-p 00000000 00:00 0 
7f664463b000-7f6648000000 ---p 00000000 00:00 0 
7f6648100000-7f6648104000 ---p 00000000 00:00 0 
7f6648104000-7f6648200000 rw-p 00000000 00:00 0 
7f6648316000-7f6648317000 ---p 00000000 00:00 0 
7f6648317000-7f6648418000 rw-p 00000000 00:00 0 
7f6648418000-7f664841c000 ---p 00000000 00:00 0 
7f664841c000-7f6648518000 rw-p 00000000 00:00 0 
7f6648518000-7f664851c000 ---p 00000000 00:00 0 
7f664851c000-7f6648618000 rw-p 00000000 00:00 0 
7f6648618000-7f664861c000 ---p 00000000 00:00 0 
7f664861c000-7f6648718000 rw-p 00000000 00:00 0 
7f6648718000-7f664871c000 ---p 00000000 00:00 0 
7f664871c000-7f6648918000 rw-p 00000000 00:00 0 
7f6648918000-7f664891c000 ---p 00000000 00:00 0 
7f664891c000-7f6648b18000 rw-p 00000000 00:00 0 
7f6648b18000-7f6648b1c000 ---p 00000000 00:00 0 
7f6648b1c000-7f6648c18000 rw-p 00000000 00:00 0 
7f6648c18000-7f6648c1c000 ---p 00000000 00:00 0 
7f6648c1c000-7f6648d18000 rw-p 00000000 00:00 0 
7f6648d18000-7f6648d1c000 ---p 00000000 00:00 0 
7f6648d1c000-7f6648e18000 rw-p 00000000 00:00 0 
7f6648e18000-7f66490fe000 r--p 00000000 00:133d 28444448                 /usr/lib/locale/locale-archive
7f66490fe000-7f6649102000 ---p 00000000 00:00 0 
7f6649102000-7f66491fe000 rw-p 00000000 00:00 0 
7f66491fe000-7f6649202000 ---p 00000000 00:00 0 
7f6649202000-7f66492fe000 rw-p 00000000 00:00 0 
7f66492fe000-7f66492ff000 ---p 00000000 00:00 0 
7f66492ff000-7f6649800000 rw-p 00000000 00:00 0 
7f6649800000-7f6649b00000 rw-p 00000000 00:00 0 
7f6649b00000-7f6649c00000 rw-p 00000000 00:00 0 
7f6649c44000-7f6649c46000 r-xp 00000000 00:1369 4611686019135190017      /nix/store/gpxl5qgg8kicmcvivwmybwjlpf7wh20l-graalvm17-ce-22.3.0/lib/libextnet.so
7f6649c46000-7f6649c47000 r--p 00001000 00:1369 4611686019135190017      /nix/store/gpxl5qgg8kicmcvivwmybwjlpf7wh20l-graalvm17-ce-22.3.0/lib/libextnet.so
7f6649c47000-7f6649c48000 rw-p 00002000 00:1369 4611686019135190017      /nix/store/gpxl5qgg8kicmcvivwmybwjlpf7wh20l-graalvm17-ce-22.3.0/lib/libextnet.so
7f6649c48000-7f6649c49000 rw-p 00004000 00:1369 4611686019135190017      /nix/store/gpxl5qgg8kicmcvivwmybwjlpf7wh20l-graalvm17-ce-22.3.0/lib/libextnet.so
7f6649c49000-7f6649c4d000 ---p 00000000 00:00 0 
7f6649c4d000-7f6649c6b000 rw-p 00000000 00:00 0 
7f6649c6b000-7f6649c72000 r-xp 00000000 00:1369 4611686019135192580      /nix/store/gpxl5qgg8kicmcvivwmybwjlpf7wh20l-graalvm17-ce-22.3.0/lib/libzip.so
7f6649c72000-7f6649c73000 ---p 00007000 00:1369 4611686019135192580      /nix/store/gpxl5qgg8kicmcvivwmybwjlpf7wh20l-graalvm17-ce-22.3.0/lib/libzip.so
7f6649c73000-7f6649c74000 r--p 00007000 00:1369 4611686019135192580      /nix/store/gpxl5qgg8kicmcvivwmybwjlpf7wh20l-graalvm17-ce-22.3.0/lib/libzip.so
7f6649c74000-7f6649c75000 rw-p 00008000 00:1369 4611686019135192580      /nix/store/gpxl5qgg8kicmcvivwmybwjlpf7wh20l-graalvm17-ce-22.3.0/lib/libzip.so
7f6649c75000-7f6649c77000 rw-p 0000b000 00:1369 4611686019135192580      /nix/store/gpxl5qgg8kicmcvivwmybwjlpf7wh20l-graalvm17-ce-22.3.0/lib/libzip.so
7f6649c77000-7f6649c8c000 r-xp 00000000 00:1369 4611686019135192570      /nix/store/gpxl5qgg8kicmcvivwmybwjlpf7wh20l-graalvm17-ce-22.3.0/lib/libnet.so
7f6649c8c000-7f6649c8d000 ---p 00015000 00:1369 4611686019135192570      /nix/store/gpxl5qgg8kicmcvivwmybwjlpf7wh20l-graalvm17-ce-22.3.0/lib/libnet.so
7f6649c8d000-7f6649c8e000 r--p 00015000 00:1369 4611686019135192570      /nix/store/gpxl5qgg8kicmcvivwmybwjlpf7wh20l-graalvm17-ce-22.3.0/lib/libnet.so
7f6649c8e000-7f6649c8f000 rw-p 00016000 00:1369 4611686019135192570      /nix/store/gpxl5qgg8kicmcvivwmybwjlpf7wh20l-graalvm17-ce-22.3.0/lib/libnet.so
7f6649c8f000-7f6649c92000 rw-p 0001b000 00:1369 4611686019135192570      /nix/store/gpxl5qgg8kicmcvivwmybwjlpf7wh20l-graalvm17-ce-22.3.0/lib/libnet.so
7f6649c92000-7f6649ca5000 r-xp 00000000 00:1369 4611686019135192571      /nix/store/gpxl5qgg8kicmcvivwmybwjlpf7wh20l-graalvm17-ce-22.3.0/lib/libnio.so
7f6649ca5000-7f6649ca6000 r--p 00012000 00:1369 4611686019135192571      /nix/store/gpxl5qgg8kicmcvivwmybwjlpf7wh20l-graalvm17-ce-22.3.0/lib/libnio.so
7f6649ca6000-7f6649ca7000 rw-p 00013000 00:1369 4611686019135192571      /nix/store/gpxl5qgg8kicmcvivwmybwjlpf7wh20l-graalvm17-ce-22.3.0/lib/libnio.so
7f6649ca7000-7f6649cac000 rw-p 00019000 00:1369 4611686019135192571      /nix/store/gpxl5qgg8kicmcvivwmybwjlpf7wh20l-graalvm17-ce-22.3.0/lib/libnio.so
7f6649cac000-7f6649d7a000 r-xp 00000000 00:1369 4611686019135190036      /nix/store/gpxl5qgg8kicmcvivwmybwjlpf7wh20l-graalvm17-ce-22.3.0/lib/libjsvml.so
7f6649d7a000-7f6649d7b000 r--p 000cd000 00:1369 4611686019135190036      /nix/store/gpxl5qgg8kicmcvivwmybwjlpf7wh20l-graalvm17-ce-22.3.0/lib/libjsvml.so
7f6649d7b000-7f6649d7c000 rw-p 000ce000 00:1369 4611686019135190036      /nix/store/gpxl5qgg8kicmcvivwmybwjlpf7wh20l-graalvm17-ce-22.3.0/lib/libjsvml.so
7f6649d7c000-7f664b654000 rw-p 00000000 00:00 0 
7f664b654000-7f664b655000 ---p 00000000 00:00 0 
7f664b655000-7f664b800000 rw-p 00000000 00:00 0 
7f664b800000-7f664b810000 rw-p 00000000 00:00 0 
7f664b810000-7f664b856000 ---p 00000000 00:00 0 
7f664b856000-7f664b85d000 rw-p 00000000 00:00 0 
7f664b85d000-7f664b942000 ---p 00000000 00:00 0 
7f664b942000-7f664b963000 rw-p 00000000 00:00 0 
7f664b963000-7f664ba2d000 ---p 00000000 00:00 0 
7f664ba2d000-7f664ba32000 rw-p 00000000 00:00 0 
7f664ba32000-7f664ba39000 ---p 00000000 00:00 0 
7f664ba39000-7f664ba5d000 r-xp 00000000 00:1369 4611686019135190028      /nix/store/gpxl5qgg8kicmcvivwmybwjlpf7wh20l-graalvm17-ce-22.3.0/lib/libjava.so
7f664ba5d000-7f664ba5e000 ---p 00024000 00:1369 4611686019135190028      /nix/store/gpxl5qgg8kicmcvivwmybwjlpf7wh20l-graalvm17-ce-22.3.0/lib/libjava.so
7f664ba5e000-7f664ba5f000 r--p 00024000 00:1369 4611686019135190028      /nix/store/gpxl5qgg8kicmcvivwmybwjlpf7wh20l-graalvm17-ce-22.3.0/lib/libjava.so
7f664ba5f000-7f664ba60000 rw-p 00025000 00:1369 4611686019135190028      /nix/store/gpxl5qgg8kicmcvivwmybwjlpf7wh20l-graalvm17-ce-22.3.0/lib/libjava.so
7f664ba60000-7f664ba61000 rw-p 00000000 00:00 0 
7f664ba61000-7f664ba68000 rw-p 0002f000 00:1369 4611686019135190028      /nix/store/gpxl5qgg8kicmcvivwmybwjlpf7wh20l-graalvm17-ce-22.3.0/lib/libjava.so
7f664ba68000-7f664ba70000 rw-s 00000000 00:12af 354                      /tmp/hsperfdata_runner/37
7f664ba70000-7f664ba71000 ---p 00000000 00:00 0 
7f664ba71000-7f664ba72000 r--p 00000000 00:00 0 
7f664ba72000-7f664ba73000 rwxp 00000000 00:00 0 
7f664ba73000-7f664ba8e000 r-xp 00000000 00:1369 4611686019135190032      /nix/store/gpxl5qgg8kicmcvivwmybwjlpf7wh20l-graalvm17-ce-22.3.0/lib/libjimage.so
7f664ba8e000-7f664ba8f000 ---p 0001b000 00:1369 4611686019135190032      /nix/store/gpxl5qgg8kicmcvivwmybwjlpf7wh20l-graalvm17-ce-22.3.0/lib/libjimage.so
7f664ba8f000-7f664ba91000 r--p 0001b000 00:1369 4611686019135190032      /nix/store/gpxl5qgg8kicmcvivwmybwjlpf7wh20l-graalvm17-ce-22.3.0/lib/libjimage.so
7f664ba91000-7f664ba92000 rw-p 0001d000 00:1369 4611686019135190032      /nix/store/gpxl5qgg8kicmcvivwmybwjlpf7wh20l-graalvm17-ce-22.3.0/lib/libjimage.so
7f664ba92000-7f664ba93000 rw-p 00024000 00:1369 4611686019135190032      /nix/store/gpxl5qgg8kicmcvivwmybwjlpf7wh20l-graalvm17-ce-22.3.0/lib/libjimage.so
7f664ba93000-7f664ba97000 ---p 00000000 00:00 0 
7f664ba97000-7f664bb93000 rw-p 00000000 00:00 0 
7f664bb93000-7f664bba1000 r--p 00000000 00:1369 4611686019027979927      /nix/store/4nlgxhb09sdr51nc9hdm8az5b08vzkgx-glibc-2.35-163/lib/libm.so.6
7f664bba1000-7f664bc14000 r-xp 0000e000 00:1369 4611686019027979927      /nix/store/4nlgxhb09sdr51nc9hdm8az5b08vzkgx-glibc-2.35-163/lib/libm.so.6
7f664bc14000-7f664bc71000 r--p 00081000 00:1369 4611686019027979927      /nix/store/4nlgxhb09sdr51nc9hdm8az5b08vzkgx-glibc-2.35-163/lib/libm.so.6
7f664bc71000-7f664bc72000 r--p 000dd000 00:1369 4611686019027979927      /nix/store/4nlgxhb09sdr51nc9hdm8az5b08vzkgx-glibc-2.35-163/lib/libm.so.6
7f664bc72000-7f664bc73000 rw-p 000de000 00:1369 4611686019027979927      /nix/store/4nlgxhb09sdr51nc9hdm8az5b08vzkgx-glibc-2.35-163/lib/libm.so.6
7f664bc73000-7f664bc74000 r--p 00000000 00:1369 4611686019027979946      /nix/store/4nlgxhb09sdr51nc9hdm8az5b08vzkgx-glibc-2.35-163/lib/librt.so.1
7f664bc74000-7f664bc75000 r-xp 00001000 00:1369 4611686019027979946      /nix/store/4nlgxhb09sdr51nc9hdm8az5b08vzkgx-glibc-2.35-163/lib/librt.so.1
7f664bc75000-7f664bc76000 r--p 00002000 00:1369 4611686019027979946      /nix/store/4nlgxhb09sdr51nc9hdm8az5b08vzkgx-glibc-2.35-163/lib/librt.so.1
7f664bc76000-7f664bc77000 r--p 00002000 00:1369 4611686019027979946      /nix/store/4nlgxhb09sdr51nc9hdm8az5b08vzkgx-glibc-2.35-163/lib/librt.so.1
7f664bc77000-7f664bc78000 rw-p 00003000 00:1369 4611686019027979946      /nix/store/4nlgxhb09sdr51nc9hdm8az5b08vzkgx-glibc-2.35-163/lib/librt.so.1
7f664bc78000-7f664cd8b000 r-xp 00000000 00:1369 4611686019135360866      /nix/store/gpxl5qgg8kicmcvivwmybwjlpf7wh20l-graalvm17-ce-22.3.0/lib/server/libjvm.so
7f664cd8b000-7f664cd8c000 ---p 01113000 00:1369 4611686019135360866      /nix/store/gpxl5qgg8kicmcvivwmybwjlpf7wh20l-graalvm17-ce-22.3.0/lib/server/libjvm.so
7f664cd8c000-7f664ce41000 r--p 01113000 00:1369 4611686019135360866      /nix/store/gpxl5qgg8kicmcvivwmybwjlpf7wh20l-graalvm17-ce-22.3.0/lib/server/libjvm.so
7f664ce41000-7f664ce75000 rw-p 011c8000 00:1369 4611686019135360866      /nix/store/gpxl5qgg8kicmcvivwmybwjlpf7wh20l-graalvm17-ce-22.3.0/lib/server/libjvm.so
7f664ce75000-7f664ced1000 rw-p 00000000 00:00 0 
7f664ced1000-7f664cef9000 r--p 00000000 00:1369 4611686019027979918      /nix/store/4nlgxhb09sdr51nc9hdm8az5b08vzkgx-glibc-2.35-163/lib/libc.so.6
7f664cef9000-7f664d06f000 r-xp 00028000 00:1369 4611686019027979918      /nix/store/4nlgxhb09sdr51nc9hdm8az5b08vzkgx-glibc-2.35-163/lib/libc.so.6
7f664d06f000-7f664d0c7000 r--p 0019e000 00:1369 4611686019027979918      /nix/store/4nlgxhb09sdr51nc9hdm8az5b08vzkgx-glibc-2.35-163/lib/libc.so.6
7f664d0c7000-7f664d0cb000 r--p 001f6000 00:1369 4611686019027979918      /nix/store/4nlgxhb09sdr51nc9hdm8az5b08vzkgx-glibc-2.35-163/lib/libc.so.6
7f664d0cb000-7f664d0cd000 rw-p 001fa000 00:1369 4611686019027979918      /nix/store/4nlgxhb09sdr51nc9hdm8az5b08vzkgx-glibc-2.35-163/lib/libc.so.6
7f664d0cd000-7f664d0dc000 rw-p 00000000 00:00 0 
7f664d0dc000-7f664d0dd000 r--p 00000000 00:1369 4611686019027979923      /nix/store/4nlgxhb09sdr51nc9hdm8az5b08vzkgx-glibc-2.35-163/lib/libdl.so.2
7f664d0dd000-7f664d0de000 r-xp 00001000 00:1369 4611686019027979923      /nix/store/4nlgxhb09sdr51nc9hdm8az5b08vzkgx-glibc-2.35-163/lib/libdl.so.2
7f664d0de000-7f664d0df000 r--p 00002000 00:1369 4611686019027979923      /nix/store/4nlgxhb09sdr51nc9hdm8az5b08vzkgx-glibc-2.35-163/lib/libdl.so.2
7f664d0df000-7f664d0e0000 r--p 00002000 00:1369 4611686019027979923      /nix/store/4nlgxhb09sdr51nc9hdm8az5b08vzkgx-glibc-2.35-163/lib/libdl.so.2
7f664d0e0000-7f664d0e1000 rw-p 00003000 00:1369 4611686019027979923      /nix/store/4nlgxhb09sdr51nc9hdm8az5b08vzkgx-glibc-2.35-163/lib/libdl.so.2
7f664d0e1000-7f664d0e2000 r--p 00000000 00:1369 4611686019027979942      /nix/store/4nlgxhb09sdr51nc9hdm8az5b08vzkgx-glibc-2.35-163/lib/libpthread.so.0
7f664d0e2000-7f664d0e3000 r-xp 00001000 00:1369 4611686019027979942      /nix/store/4nlgxhb09sdr51nc9hdm8az5b08vzkgx-glibc-2.35-163/lib/libpthread.so.0
7f664d0e3000-7f664d0e4000 r--p 00002000 00:1369 4611686019027979942      /nix/store/4nlgxhb09sdr51nc9hdm8az5b08vzkgx-glibc-2.35-163/lib/libpthread.so.0
7f664d0e4000-7f664d0e5000 r--p 00002000 00:1369 4611686019027979942      /nix/store/4nlgxhb09sdr51nc9hdm8az5b08vzkgx-glibc-2.35-163/lib/libpthread.so.0
7f664d0e5000-7f664d0e6000 rw-p 00003000 00:1369 4611686019027979942      /nix/store/4nlgxhb09sdr51nc9hdm8az5b08vzkgx-glibc-2.35-163/lib/libpthread.so.0
7f664d0e6000-7f664d0f4000 r-xp 00000000 00:1369 4611686019135190033      /nix/store/gpxl5qgg8kicmcvivwmybwjlpf7wh20l-graalvm17-ce-22.3.0/lib/libjli.so
7f664d0f4000-7f664d0f5000 ---p 0000e000 00:1369 4611686019135190033      /nix/store/gpxl5qgg8kicmcvivwmybwjlpf7wh20l-graalvm17-ce-22.3.0/lib/libjli.so
7f664d0f5000-7f664d0f6000 r--p 0000e000 00:1369 4611686019135190033      /nix/store/gpxl5qgg8kicmcvivwmybwjlpf7wh20l-graalvm17-ce-22.3.0/lib/libjli.so
7f664d0f6000-7f664d0f7000 rw-p 0000f000 00:1369 4611686019135190033      /nix/store/gpxl5qgg8kicmcvivwmybwjlpf7wh20l-graalvm17-ce-22.3.0/lib/libjli.so
7f664d0f7000-7f664d0f8000 rw-p 00012000 00:1369 4611686019135190033      /nix/store/gpxl5qgg8kicmcvivwmybwjlpf7wh20l-graalvm17-ce-22.3.0/lib/libjli.so
7f664d0f8000-7f664d0fb000 r--p 00000000 00:1369 4611686019106210071      /nix/store/026hln0aq1hyshaxsdvhg0kmcm6yf45r-zlib-1.2.13/lib/libz.so.1.2.13
7f664d0fb000-7f664d10d000 r-xp 00003000 00:1369 4611686019106210071      /nix/store/026hln0aq1hyshaxsdvhg0kmcm6yf45r-zlib-1.2.13/lib/libz.so.1.2.13
7f664d10d000-7f664d114000 r--p 00015000 00:1369 4611686019106210071      /nix/store/026hln0aq1hyshaxsdvhg0kmcm6yf45r-zlib-1.2.13/lib/libz.so.1.2.13
7f664d114000-7f664d115000 r--p 0001b000 00:1369 4611686019106210071      /nix/store/026hln0aq1hyshaxsdvhg0kmcm6yf45r-zlib-1.2.13/lib/libz.so.1.2.13
7f664d115000-7f664d116000 rw-p 0001c000 00:1369 4611686019106210071      /nix/store/026hln0aq1hyshaxsdvhg0kmcm6yf45r-zlib-1.2.13/lib/libz.so.1.2.13
7f664d116000-7f664d118000 rw-p 00000000 00:00 0 
7f664d118000-7f664d11a000 r--p 00000000 00:1369 4611686019027979912      /nix/store/4nlgxhb09sdr51nc9hdm8az5b08vzkgx-glibc-2.35-163/lib/ld-linux-x86-64.so.2
7f664d11a000-7f664d141000 r-xp 00002000 00:1369 4611686019027979912      /nix/store/4nlgxhb09sdr51nc9hdm8az5b08vzkgx-glibc-2.35-163/lib/ld-linux-x86-64.so.2
7f664d141000-7f664d14d000 r--p 00029000 00:1369 4611686019027979912      /nix/store/4nlgxhb09sdr51nc9hdm8az5b08vzkgx-glibc-2.35-163/lib/ld-linux-x86-64.so.2
7f664d14d000-7f664d14f000 r--p 00034000 00:1369 4611686019027979912      /nix/store/4nlgxhb09sdr51nc9hdm8az5b08vzkgx-glibc-2.35-163/lib/ld-linux-x86-64.so.2
7f664d14f000-7f664d151000 rw-p 00036000 00:1369 4611686019027979912      /nix/store/4nlgxhb09sdr51nc9hdm8az5b08vzkgx-glibc-2.35-163/lib/ld-linux-x86-64.so.2
7ffd9b869000-7ffd9b88d000 rw-p 00000000 00:00 0                          [stack]
7ffd9b978000-7ffd9b97c000 r--p 00000000 00:00 0                          [vvar]
7ffd9b97c000-7ffd9b97e000 r-xp 00000000 00:00 0                          [vdso]
ffffffffff600000-ffffffffff601000 --xp 00000000 00:00 0                  [vsyscall]


VM Arguments:
jvm_args: -XX:ThreadPriorityPolicy=1 -XX:+UnlockExperimentalVMOptions -XX:+EnableJVMCIProduct -XX:JVMCIThreadsPerNativeLibraryRuntime=1 -XX:-UnlockExperimentalVMOptions -Declipse.application=org.eclipse.jdt.ls.core.id1 -Dosgi.bundles.defaultStartLevel=4 -Declipse.product=org.eclipse.jdt.ls.core.product -Dlog.level=ALL -Xverify:none -XX:+UseParallelGC -XX:GCTimeRatio=4 -XX:AdaptiveSizePolicyWeight=90 -Dsun.zip.disableMemoryMapping=true -Xmx512m -Xms100m 
java_command: /nix/store/m6gcpi1ii6rghy04cjwjddcavv7i90df-jdt-language-server-1.9.0/share/java/plugins/org.eclipse.equinox.launcher_1.6.400.v20210924-0641.jar --add-modules=ALL-SYSTEM --add-opens java.base/java.util=ALL-UNNAMED --add-opens java.base/java.lang=ALL-UNNAMED -configuration /home/runner/.cache/jdt-language-server/config -data /home/runner/.cache/jdt-language-server/data/home/runner/Gim
java_class_path (initial): /nix/store/m6gcpi1ii6rghy04cjwjddcavv7i90df-jdt-language-server-1.9.0/share/java/plugins/org.eclipse.equinox.launcher_1.6.400.v20210924-0641.jar
Launcher Type: SUN_STANDARD

[Global flags]
    uintx AdaptiveSizePolicyWeight                 = 90                                        {product} {command line}
     intx CICompilerCount                          = 2                                         {product} {ergonomic}
     bool EnableJVMCIProduct                       = true                                {JVMCI product} {jimage}
    uintx GCTimeRatio                              = 4                                         {product} {command line}
   size_t InitialHeapSize                          = 104857600                                 {product} {command line}
     uint JVMCIThreadsPerNativeLibraryRuntime      = 1                                   {JVMCI product} {jimage}
   size_t MaxHeapSize                              = 536870912                                 {product} {command line}
   size_t MaxNewSize                               = 178782208                                 {product} {ergonomic}
   size_t MinHeapDeltaBytes                        = 524288                                    {product} {ergonomic}
   size_t MinHeapSize                              = 104857600                                 {product} {command line}
   size_t NewSize                                  = 34603008                                  {product} {ergonomic}
    uintx NonNMethodCodeHeapSize                   = 5826188                                {pd product} {ergonomic}
    uintx NonProfiledCodeHeapSize                  = 122916026                              {pd product} {ergonomic}
   size_t OldSize                                  = 70254592                                  {product} {ergonomic}
    uintx ProfiledCodeHeapSize                     = 122916026                              {pd product} {ergonomic}
    uintx ReservedCodeCacheSize                    = 251658240                              {pd product} {ergonomic}
     bool SegmentedCodeCache                       = true                                      {product} {ergonomic}
   size_t SoftMaxHeapSize                          = 536870912                              {manageable} {ergonomic}
     intx ThreadPriorityPolicy                     = 1                                         {product} {jimage}
     bool UseCompressedClassPointers               = true                           {product lp64_product} {ergonomic}
     bool UseCompressedOops                        = true                           {product lp64_product} {ergonomic}
     bool UseParallelGC                            = true                                      {product} {command line}

Logging:
Log output configuration:
 #0: stdout all=warning uptime,level,tags
 #1: stderr all=off uptime,level,tags

Environment Variables:
JAVA_HOME=/nix/store/gpxl5qgg8kicmcvivwmybwjlpf7wh20l-graalvm17-ce-22.3.0
PATH=/nix/store/1d6ian3r8kdzspw8hacjhl3xkp40g1lj-binutils-wrapper-2.39/bin:/nix/store/dq0xwmsk1g0i2ayg6pb7y87na2knzylh-gcc-wrapper-11.3.0/bin:/nix/store/bap4d0lpcrhpwmpb8ayjcgkmvfj62lnq-bash-interactive-5.1-p16/bin:/nix/store/pr5n59mb4jzmfx6kanwxly0l07p861fg-patchelf-0.15.0/bin:/nix/store/1gf2flfqnpqbr1b4p4qz2f72y42bs56r-gcc-11.3.0/bin:/nix/store/57xv61c5zi8pphjbcwxxjlgc34p61ic9-glibc-2.35-163-bin/bin:/nix/store/a7gvj343m05j2s32xcnwr35v31ynlypr-coreutils-9.1/bin:/nix/store/039g378vc3pc3dvi9dzdlrd0i4q93qwf-binutils-2.39/bin:/nix/store/gpxl5qgg8kicmcvivwmybwjlpf7wh20l-graalvm17-ce-22.3.0/bin:/nix/store/6z9ag3ihc8mq2hzsw48lhbznvzny65nz-apache-maven-3.8.6/bin:/nix/store/m6gcpi1ii6rghy04cjwjddcavv7i90df-jdt-language-server-1.9.0/bin:/nix/store/84xs5alhs01zrbr4ywm05kxbjbp5590l-java-debug/bin:/nix/store/mydc6f4k2z73xlcz7ilif3v2lcaiqvza-findutils-4.9.0/bin:/nix/store/j9p3g8472iijd50vhdprx0nmk2fqn5gv-diffutils-3.8/bin:/nix/store/89zs7rms6x00xfq4dq6m7mjnhkr8a6r4-gnused-4.8/bin:/nix/store/86bp03jkmsl6f92w0yzg4s59g5mhxwmy-gnugrep-3.7/bin:/nix/store/hwcdqw4jrjnd37wxqgsd47hd0j8bnj09-gawk-5.1.1/bin:/nix/store/cfbhw8r8ags41vwqaz47r583d0p4h4a1-gnutar-1.34/bin:/nix/store/p3m1ndl1lapwrlh698bnb5lvvxh67378-gzip-1.12/bin:/nix/store/a8mhcagrsly7c7mpjrpsnaahk4aax056-bzip2-1.0.8-bin/bin:/nix/store/mblgz65m3zv9x548a3d5m96fj2pbwr09-gnumake-4.3/bin:/nix/store/dsd5gz46hdbdk2rfdimqddhq6m8m8fqs-bash-5.1-p16/bin:/nix/store/v7ljksji50mg3w61dykaa3n3y79n6nil-patch-2.7.6/bin:/nix/store/zlcnmqq14jz5x9439jf937mvayyl63da-xz-5.2.7-bin/bin:/nix/store/y6aj732zm9m87c82fpvf103a1xb22blp-file-5.43/bin:/nix/store/i4kzir3m7mrisxmf5xvlnkw01x4qaqr4-prybar-elisp-0.0.0-e0d9a52/bin:/nix/store/lwwivxf6h7x3cvxp9zv8sj0mv7dak99r-prybar-lua-0.0.0-e0d9a52/bin:/nix/store/gxj28g1cg4hq3qanmjv07156h800qr58-prybar-python3-0.0.0-e0d9a52/bin:/nix/store/hshkjnxrgidigf8x75vg6lqng2xlx9i3-prybar-sqlite-0.0.0-e0d9a52/bin:/nix/store/c4w01bpjgyy5ixmwdk8m1pw87zq4sl26-prybar-tcl-0.0.0-e0d9a52/bin:/nix/store/hpbvrlwd5viqmvcaisb3x0118i913a9n-st
LD_LIBRARY_PATH=/nix/store/a4pff549sk2idnkpzk5nsfps3mdkdnvm-cups-2.4.2-lib/lib:/nix/store/72mqxxhh3cy5yifh92wh2yb8cl2hikyy-cairo-1.16.0/lib:/nix/store/2k366jrbsra97gjfxwvrhvixjfxdach5-glib-2.74.1/lib:/nix/store/2j2znigd8ak37rlwh9khz0ry3clqlw1l-gtk+3-3.24.34/lib:/nix/store/hisqvx32cd57apbpcsnkpx6k3549wql1-libglvnd-1.4.0/lib:/nix/store/p36pgcv991mq5srvg765b78yqpxvk3qs-mesa-21.3.3-drivers/lib:/nix/store/mav4251if1ahjq5vkpwycyyvnmy459c4-pulseaudio-14.2/lib
DISPLAY=:0
LANG=en_US.UTF-8

Signal Handlers:
   SIGSEGV: crash_handler in libjvm.so, mask=11100100010111111101111111111110, flags=SA_RESTART|SA_SIGINFO
    SIGBUS: crash_handler in libjvm.so, mask=11100100010111111101111111111110, flags=SA_RESTART|SA_SIGINFO
    SIGFPE: crash_handler in libjvm.so, mask=11100100010111111101111111111110, flags=SA_RESTART|SA_SIGINFO
   SIGPIPE: IsolateEnterStub_IgnoreSIGPIPEStartupHook_noopSignalHandler_8f19bff2f35b5f630d83b364d6b2339320d4ec70_216e8361c6bc87a8f89f58cc10d3b2fd4415bf87 in libjvmcicompiler.so, mask=00000000000000000000000000000000, flags=SA_RESTART
  *** Handler was modified!
  *** Expected: javaSignalHandler in libjvm.so, mask=11100100110111111111111111111110, flags=SA_RESTART|SA_SIGINFO
   SIGXFSZ: javaSignalHandler in libjvm.so, mask=11100100010111111101111111111110, flags=SA_RESTART|SA_SIGINFO
    SIGILL: crash_handler in libjvm.so, mask=11100100010111111101111111111110, flags=SA_RESTART|SA_SIGINFO
   SIGUSR2: SR_handler in libjvm.so, mask=00000000000000000000000000000000, flags=SA_RESTART|SA_SIGINFO
    SIGHUP: UserHandler in libjvm.so, mask=11100100010111111101111111111110, flags=SA_RESTART|SA_SIGINFO
    SIGINT: UserHandler in libjvm.so, mask=11100100010111111101111111111110, flags=SA_RESTART|SA_SIGINFO
   SIGTERM: UserHandler in libjvm.so, mask=11100100010111111101111111111110, flags=SA_RESTART|SA_SIGINFO
   SIGQUIT: UserHandler in libjvm.so, mask=11100100010111111101111111111110, flags=SA_RESTART|SA_SIGINFO
  *** Handler was modified!
  *** Expected: javaSignalHandler in libjvm.so, mask=11100100110111111111111111111110, flags=SA_RESTART|SA_SIGINFO
   SIGTRAP: crash_handler in libjvm.so, mask=11100100010111111101111111111110, flags=SA_RESTART|SA_SIGINFO


---------------  S Y S T E M  ---------------

OS:
DISTRIB_ID=Ubuntu
DISTRIB_RELEASE=20.04
DISTRIB_CODENAME=focal
DISTRIB_DESCRIPTION="Ubuntu 20.04.2 LTS"
uname: Linux 5.19.0-1027-gcp #29~22.04.1-Ubuntu SMP Thu Jun 22 05:13:17 UTC 2023 x86_64
OS uptime: 0 days 8:10 hours
libc: glibc 2.35 NPTL 2.35 
rlimit (soft/hard): STACK 8192k/infinity , CORE infinity/infinity , NPROC infinity/infinity , NOFILE 5242/5242 , AS infinity/infinity , CPU infinity/infinity , DATA infinity/infinity , FSIZE infinity/infinity , MEMLOCK 8192k/8192k
load average: 14.42 11.87 11.83

/proc/meminfo:
MemTotal:       65839956 kB
MemFree:         8020884 kB
MemAvailable:   41533236 kB
Buffers:         3247548 kB
Cached:         28967304 kB
SwapCached:            0 kB
Active:         15518012 kB
Inactive:       39129492 kB
Active(anon):      14436 kB
Inactive(anon): 21992616 kB
Active(file):   15503576 kB
Inactive(file): 17136876 kB
Unevictable:       28788 kB
Mlocked:           28788 kB
SwapTotal:             0 kB
SwapFree:              0 kB
Zswap:                 0 kB
Zswapped:              0 kB
Dirty:              7344 kB
Writeback:            12 kB
AnonPages:      20934304 kB
Mapped:          1668304 kB
Shmem:             19720 kB
KReclaimable:    1598388 kB
Slab:            2312044 kB
SReclaimable:    1598388 kB
SUnreclaim:       713656 kB
KernelStack:      194696 kB
PageTables:       253396 kB
NFS_Unstable:          0 kB
Bounce:                0 kB
WritebackTmp:          0 kB
CommitLimit:    32919976 kB
Committed_AS:   74626388 kB
VmallocTotal:   34359738367 kB
VmallocUsed:      231120 kB
VmallocChunk:          0 kB
Percpu:            43872 kB
HardwareCorrupted:     0 kB
AnonHugePages:   2586624 kB
ShmemHugePages:        0 kB
ShmemPmdMapped:        0 kB
FileHugePages:         0 kB
FilePmdMapped:         0 kB
HugePages_Total:       0
HugePages_Free:        0
HugePages_Rsvd:        0
HugePages_Surp:        0
Hugepagesize:       2048 kB
Hugetlb:               0 kB
DirectMap4k:    10259256 kB
DirectMap2M:    52652032 kB
DirectMap1G:     6291456 kB

/sys/kernel/mm/transparent_hugepage/enabled: always [madvise] never
/sys/kernel/mm/transparent_hugepage/defrag (defrag/compaction efforts parameter): always defer defer+madvise [madvise] never

Process Memory:
Virtual Size: 5054552K (peak: 5102532K)
Resident Set Size: 732172K (peak: 768284K) (anon: 534656K, file: 197516K, shmem: 0K)
Swapped out: 0K
C-Heap outstanding allocations: 44315K, retained: 16852K
glibc malloc tunables: (default)

/proc/sys/kernel/threads-max (system-wide limit on the number of threads): 514310
/proc/sys/vm/max_map_count (maximum number of memory map areas a process may have): 65530
/proc/sys/kernel/pid_max (system-wide limit on number of process identifiers): 4194304

container (cgroup) information:
container_type: cgroupv1
cpu_cpuset_cpus: 2-7
cpu_memory_nodes: 0
active_processor_count: 1
cpu_quota: 50000
cpu_period: 100000
cpu_shares: 512
memory_limit_in_bytes: 1048576 k
memory_and_swap_limit_in_bytes: 1048576 k
memory_soft_limit_in_bytes: 524288 k
memory_usage_in_bytes: 594412 k
memory_max_usage_in_bytes: 691920 k
maximum number of tasks: 1000
current number of tasks: 53

KVM virtualization detected
Steal ticks since vm start: 0
Steal ticks percentage since vm start:  0.000

CPU: total 8 (initial active 1) (8 cores per cpu, 2 threads per core) family 23 model 49 stepping 0 microcode 0xffffffff, cx8, cmov, fxsr, ht, mmx, 3dnowpref, sse, sse2, sse3, ssse3, sse4a, sse4.1, sse4.2, popcnt, lzcnt, tsc, tscinvbit, avx, avx2, aes, clmul, bmi1, bmi2, adx, sha, fma, vzeroupper, clflush, clflushopt, hv
CPU Model and flags from /proc/cpuinfo:
model name	: AMD EPYC 7B12
flags		: fpu vme de pse tsc msr pae mce cx8 apic sep mtrr pge mca cmov pat pse36 clflush mmx fxsr sse sse2 ht syscall nx mmxext fxsr_opt pdpe1gb rdtscp lm constant_tsc rep_good nopl nonstop_tsc cpuid extd_apicid tsc_known_freq pni pclmulqdq ssse3 fma cx16 sse4_1 sse4_2 movbe popcnt aes xsave avx f16c rdrand hypervisor lahf_lm cmp_legacy cr8_legacy abm sse4a misalignsse 3dnowprefetch osvw topoext ssbd ibrs ibpb stibp vmmcall fsgsbase tsc_adjust bmi1 avx2 smep bmi2 rdseed adx smap clflushopt clwb sha_ni xsaveopt xsavec xgetbv1 clzero xsaveerptr arat npt nrip_save umip rdpid

Online cpus: 0-7
Offline cpus: 
BIOS frequency limitation: <Not Available>
Frequency switch latency (ns): <Not Available>
Available cpu frequencies: <Not Available>
Current governor: <Not Available>
Core performance/turbo boost: <Not Available>

Memory: 4k page, physical 1048576k(455016k free), swap 0k(0k free)
Page Sizes: 4k

vm_info: OpenJDK 64-Bit Server VM (17.0.5+8-jvmci-22.3-b08) for linux-amd64 JRE (17.0.5+8-jvmci-22.3-b08), built on Oct 19 2022 09:01:27 by "buildslave" with gcc 10.3.0

END.
